11/06/2019 03:03:39 PM DEBUG [hold] Prop: r21 Duration: 2 Negation: False Props: set(['r12', 'r21'])
11/06/2019 03:03:39 PM DEBUG [eventually] Low: 0 High: 7 DFA: (Hold 2 r21 )
11/06/2019 03:03:39 PM DEBUG [hold] Prop: r12 Duration: 2 Negation: False Props: set(['r12', 'r21'])
11/06/2019 03:03:39 PM DEBUG [eventually] Low: 0 High: 7 DFA: (Hold 2 r12 )
11/06/2019 03:03:39 PM DEBUG [concatenation] DFA1: (Eventually (Hold 2 r21 ) 0 7 ) DFA2: (Eventually (Hold 2 r12 ) 0 7 )
11/06/2019 03:03:39 PM DEBUG [spec] spec: [H^2 r21]^[0, 7] * [H^2 r12]^[0, 7]
11/06/2019 03:03:39 PM DEBUG [spec] mode: Infinity DFA: 
Name: (Concat (Eventually (Hold 2 r21 ) 0 7 ) (Eventually (Hold 2 r12 ) 0 7 ) )
Directed: True
Multi: False
Props: {'r12': 1, 'r21': 2}
Alphabet: set([0, 1, 2, 3]) 
Initial: [0]
Final: set([6])
Nodes: [(0, {}), (1, {}), (2, {}), (3, {}), (4, {}), (5, {}), (6, {})]
Edges: [(0, 0, {'input': set([0, 1]), 'guard': '(else)', 'weight': 0, 'label': '(else)'}), (0, 1, {'input': set([2, 3]), 'guard': u'r21', 'weight': 0, 'label': u'r21'}), (1, 0, {'input': set([0, 1]), 'guard': '(else)', 'weight': 0, 'label': '(else)'}), (1, 2, {'input': set([2, 3]), 'guard': u'r21', 'weight': 0, 'label': u'r21'}), (2, 0, {'input': set([0, 1]), 'guard': '(else)', 'weight': 0, 'label': '(else)'}), (2, 3, {'input': set([2, 3]), 'guard': u'r21', 'weight': 0, 'label': u'r21'}), (3, 3, {'input': set([0, 2]), 'guard': '(else)', 'weight': 0, 'label': '(else)'}), (3, 4, {'input': set([1, 3]), 'guard': u'r12', 'weight': 0, 'label': u'r12'}), (4, 3, {'input': set([0, 2]), 'guard': '(else)', 'weight': 0, 'label': '(else)'}), (4, 5, {'input': set([1, 3]), 'guard': u'r12', 'weight': 0, 'label': u'r12'}), (5, 3, {'input': set([0, 2]), 'guard': '(else)', 'weight': 0, 'label': '(else)'}), (5, 6, {'input': set([1, 3]), 'guard': u'r12', 'weight': 0, 'label': u'r12'})]
		
11/06/2019 03:03:39 PM DEBUG [spec] tree:
 Op: Concatenation Flags[WDF, WWF, UNR]: True True False
 Init: set([0])
 Final: set([6])
 Left:
   Op: Eventually Flags[WDF, WWF, UNR]: True True False
   Init: set([0])
   Final: set([3])
   Left:
     Op: Hold Flags[WDF, WWF, UNR]: True True True
     Init: set([0])
     Final: set([3])
 Right:
   Op: Eventually Flags[WDF, WWF, UNR]: True True False
   Init: set([3])
   Final: set([6])
   Left:
     Op: Hold Flags[WDF, WWF, UNR]: True True True
     Init: set([3])
     Final: set([6])

11/06/2019 03:03:39 PM DEBUG [spec] No of nodes: 7
11/06/2019 03:03:39 PM DEBUG [spec] No of edges: 12
11/06/2019 03:03:39 PM DEBUG 
End of translate


11/06/2019 03:03:39 PM INFO The bound of formula "[H^2 r21]^[0, 7] * [H^2 r12]^[0, 7]" is (5, 15)!
11/06/2019 03:03:39 PM INFO Translated formula "[H^2 r21]^[0, 7] * [H^2 r12]^[0, 7]" to infinity DFA of size (7, 12)!
11/06/2019 03:03:39 PM DEBUG [hold] Prop: r21 Duration: 2 Negation: False Props: set(['r23', 'r21'])
11/06/2019 03:03:39 PM DEBUG [eventually] Low: 0 High: 8 DFA: (Hold 2 r21 )
11/06/2019 03:03:39 PM DEBUG [hold] Prop: r23 Duration: 2 Negation: False Props: set(['r23', 'r21'])
11/06/2019 03:03:39 PM DEBUG [eventually] Low: 0 High: 7 DFA: (Hold 2 r23 )
11/06/2019 03:03:39 PM DEBUG [concatenation] DFA1: (Eventually (Hold 2 r21 ) 0 8 ) DFA2: (Eventually (Hold 2 r23 ) 0 7 )
11/06/2019 03:03:39 PM DEBUG [spec] spec: [H^2 r21]^[0, 8] * [H^2 r23]^[0, 7]
11/06/2019 03:03:39 PM DEBUG [spec] mode: Infinity DFA: 
Name: (Concat (Eventually (Hold 2 r21 ) 0 8 ) (Eventually (Hold 2 r23 ) 0 7 ) )
Directed: True
Multi: False
Props: {'r23': 1, 'r21': 2}
Alphabet: set([0, 1, 2, 3]) 
Initial: [0]
Final: set([6])
Nodes: [(0, {}), (1, {}), (2, {}), (3, {}), (4, {}), (5, {}), (6, {})]
Edges: [(0, 0, {'input': set([0, 1]), 'guard': '(else)', 'weight': 0, 'label': '(else)'}), (0, 1, {'input': set([2, 3]), 'guard': u'r21', 'weight': 0, 'label': u'r21'}), (1, 0, {'input': set([0, 1]), 'guard': '(else)', 'weight': 0, 'label': '(else)'}), (1, 2, {'input': set([2, 3]), 'guard': u'r21', 'weight': 0, 'label': u'r21'}), (2, 0, {'input': set([0, 1]), 'guard': '(else)', 'weight': 0, 'label': '(else)'}), (2, 3, {'input': set([2, 3]), 'guard': u'r21', 'weight': 0, 'label': u'r21'}), (3, 3, {'input': set([0, 2]), 'guard': '(else)', 'weight': 0, 'label': '(else)'}), (3, 4, {'input': set([1, 3]), 'guard': u'r23', 'weight': 0, 'label': u'r23'}), (4, 3, {'input': set([0, 2]), 'guard': '(else)', 'weight': 0, 'label': '(else)'}), (4, 5, {'input': set([1, 3]), 'guard': u'r23', 'weight': 0, 'label': u'r23'}), (5, 3, {'input': set([0, 2]), 'guard': '(else)', 'weight': 0, 'label': '(else)'}), (5, 6, {'input': set([1, 3]), 'guard': u'r23', 'weight': 0, 'label': u'r23'})]
		
11/06/2019 03:03:39 PM DEBUG [spec] tree:
 Op: Concatenation Flags[WDF, WWF, UNR]: True True False
 Init: set([0])
 Final: set([6])
 Left:
   Op: Eventually Flags[WDF, WWF, UNR]: True True False
   Init: set([0])
   Final: set([3])
   Left:
     Op: Hold Flags[WDF, WWF, UNR]: True True True
     Init: set([0])
     Final: set([3])
 Right:
   Op: Eventually Flags[WDF, WWF, UNR]: True True False
   Init: set([3])
   Final: set([6])
   Left:
     Op: Hold Flags[WDF, WWF, UNR]: True True True
     Init: set([3])
     Final: set([6])

11/06/2019 03:03:39 PM DEBUG [spec] No of nodes: 7
11/06/2019 03:03:39 PM DEBUG [spec] No of edges: 12
11/06/2019 03:03:39 PM DEBUG 
End of translate


11/06/2019 03:03:39 PM INFO The bound of formula "[H^2 r21]^[0, 8] * [H^2 r23]^[0, 7]" is (5, 16)!
11/06/2019 03:03:39 PM INFO Translated formula "[H^2 r21]^[0, 8] * [H^2 r23]^[0, 7]" to infinity DFA of size (7, 12)!
11/06/2019 03:03:39 PM DEBUG [hold] Prop: r31 Duration: 2 Negation: False Props: set(['r31', 'r10'])
11/06/2019 03:03:39 PM DEBUG [eventually] Low: 0 High: 8 DFA: (Hold 2 r31 )
11/06/2019 03:03:39 PM DEBUG [hold] Prop: r10 Duration: 3 Negation: False Props: set(['r31', 'r10'])
11/06/2019 03:03:39 PM DEBUG [eventually] Low: 0 High: 10 DFA: (Hold 3 r10 )
11/06/2019 03:03:39 PM DEBUG [concatenation] DFA1: (Eventually (Hold 2 r31 ) 0 8 ) DFA2: (Eventually (Hold 3 r10 ) 0 10 )
11/06/2019 03:03:39 PM DEBUG [spec] spec: [H^2 r31]^[0, 8] * [H^3 r10]^[0, 10]
11/06/2019 03:03:39 PM DEBUG [spec] mode: Infinity DFA: 
Name: (Concat (Eventually (Hold 2 r31 ) 0 8 ) (Eventually (Hold 3 r10 ) 0 10 ) )
Directed: True
Multi: False
Props: {'r31': 1, 'r10': 2}
Alphabet: set([0, 1, 2, 3]) 
Initial: [0]
Final: set([7])
Nodes: [(0, {}), (1, {}), (2, {}), (3, {}), (4, {}), (5, {}), (6, {}), (7, {})]
Edges: [(0, 0, {'input': set([0, 2]), 'guard': '(else)', 'weight': 0, 'label': '(else)'}), (0, 1, {'input': set([1, 3]), 'guard': u'r31', 'weight': 0, 'label': u'r31'}), (1, 0, {'input': set([0, 2]), 'guard': '(else)', 'weight': 0, 'label': '(else)'}), (1, 2, {'input': set([1, 3]), 'guard': u'r31', 'weight': 0, 'label': u'r31'}), (2, 0, {'input': set([0, 2]), 'guard': '(else)', 'weight': 0, 'label': '(else)'}), (2, 3, {'input': set([1, 3]), 'guard': u'r31', 'weight': 0, 'label': u'r31'}), (3, 3, {'input': set([0, 1]), 'guard': '(else)', 'weight': 0, 'label': '(else)'}), (3, 4, {'input': set([2, 3]), 'guard': u'r10', 'weight': 0, 'label': u'r10'}), (4, 3, {'input': set([0, 1]), 'guard': '(else)', 'weight': 0, 'label': '(else)'}), (4, 5, {'input': set([2, 3]), 'guard': u'r10', 'weight': 0, 'label': u'r10'}), (5, 3, {'input': set([0, 1]), 'guard': '(else)', 'weight': 0, 'label': '(else)'}), (5, 6, {'input': set([2, 3]), 'guard': u'r10', 'weight': 0, 'label': u'r10'}), (6, 3, {'input': set([0, 1]), 'guard': '(else)', 'weight': 0, 'label': '(else)'}), (6, 7, {'input': set([2, 3]), 'guard': u'r10', 'weight': 0, 'label': u'r10'})]
		
11/06/2019 03:03:39 PM DEBUG [spec] tree:
 Op: Concatenation Flags[WDF, WWF, UNR]: True True False
 Init: set([0])
 Final: set([7])
 Left:
   Op: Eventually Flags[WDF, WWF, UNR]: True True False
   Init: set([0])
   Final: set([3])
   Left:
     Op: Hold Flags[WDF, WWF, UNR]: True True True
     Init: set([0])
     Final: set([3])
 Right:
   Op: Eventually Flags[WDF, WWF, UNR]: True True False
   Init: set([3])
   Final: set([7])
   Left:
     Op: Hold Flags[WDF, WWF, UNR]: True True True
     Init: set([3])
     Final: set([7])

11/06/2019 03:03:39 PM DEBUG [spec] No of nodes: 8
11/06/2019 03:03:39 PM DEBUG [spec] No of edges: 14
11/06/2019 03:03:39 PM DEBUG 
End of translate


11/06/2019 03:03:39 PM INFO The bound of formula "[H^2 r31]^[0, 8] * [H^3 r10]^[0, 10]" is (6, 19)!
11/06/2019 03:03:39 PM INFO Translated formula "[H^2 r31]^[0, 8] * [H^3 r10]^[0, 10]" to infinity DFA of size (8, 14)!
11/06/2019 03:03:39 PM DEBUG 

Start policy computation

11/06/2019 03:03:39 PM DEBUG [extend_ts] TS: (34, 228) ETS:(34, 228)
11/06/2019 03:03:39 PM DEBUG [extend_ts] TS: (34, 228) ETS:(34, 228)
11/06/2019 03:03:39 PM DEBUG [extend_ts] TS: (34, 228) ETS:(34, 228)
11/06/2019 03:03:39 PM INFO Constructing product automaton with infinity DFA!
11/06/2019 03:03:39 PM INFO Product automaton size is: (71, 470)
11/06/2019 03:03:39 PM INFO Constructing product automaton with infinity DFA!
11/06/2019 03:03:39 PM INFO Product automaton size is: (71, 469)
11/06/2019 03:03:39 PM INFO Constructing product automaton with infinity DFA!
11/06/2019 03:03:39 PM INFO Product automaton size is: (72, 478)
11/06/2019 03:03:40 PM INFO Generated control policy is: r16 -> 1 -> r16
11/06/2019 03:03:40 PM INFO Generated control policy is: r19 -> 1 -> r24
11/06/2019 03:03:40 PM INFO Generated control policy is: r24 -> 1 -> r31 -> 1 -> r31 -> 1 -> r31 -> 1 -> r26 -> 1 -> r21 -> 1 -> r15 -> 1 -> r10 -> 1 -> r10 -> 1 -> r10 -> 1 -> r10
11/06/2019 03:03:40 PM INFO Generated control policy is: r21 -> 1 -> r21 -> 1 -> r21 -> 1 -> r28 -> 1 -> r23 -> 1 -> r23 -> 1 -> r23
11/06/2019 03:03:40 PM INFO Generated control policy is: r16 -> 1 -> r16
11/06/2019 03:03:40 PM INFO Generated control policy is: r21 -> 1 -> r21 -> 1 -> r28 -> 1 -> r23 -> 1 -> r23 -> 1 -> r23
11/06/2019 03:03:40 PM INFO Generated control policy is: r19 -> 1 -> r14 -> 1 -> r9 -> 1 -> r10 -> 1 -> r10 -> 1 -> r10 -> 1 -> r10
11/06/2019 03:03:40 PM INFO Max deadline: -2
11/06/2019 03:03:40 PM INFO Generated output word is: [(), (), (), ('r21',), ('r21',), ('r21',), (), (), ('r12',), ('r12',), ('r12',)]
11/06/2019 03:03:40 PM INFO Generated control policy is: Base -> 1 -> r25 -> 1 -> r26 -> 1 -> r21 -> 1 -> r21 -> 1 -> r21 -> 1 -> r14 -> 1 -> r7 -> 1 -> r12 -> 1 -> r12 -> 1 -> r12
11/06/2019 03:03:40 PM INFO Max deadline: 5
11/06/2019 03:03:40 PM INFO Generated output word is: [(), (), ('r21',), ('r21',), ('r21',), (), ('r23',), ('r23',), ('r23',)]
11/06/2019 03:03:40 PM INFO Generated control policy is: Base2 -> 1 -> r28 -> 1 -> r21 -> 1 -> r21 -> 1 -> r21 -> 1 -> r28 -> 1 -> r23 -> 1 -> r23 -> 1 -> r23
11/06/2019 03:03:40 PM INFO Max deadline: 1
11/06/2019 03:03:40 PM INFO Generated output word is: [(), (), (), (), (), ('r31',), ('r31',), ('r31',), (), (), (), ('r10',), ('r10',), ('r10',), ('r10',)]
11/06/2019 03:03:40 PM INFO Generated control policy is: Base3 -> 1 -> r8 -> 1 -> r14 -> 1 -> r21 -> 1 -> r26 -> 1 -> r31 -> 1 -> r31 -> 1 -> r31 -> 1 -> r26 -> 1 -> r21 -> 1 -> r15 -> 1 -> r10 -> 1 -> r10 -> 1 -> r10 -> 1 -> r10
11/07/2019 12:35:45 PM DEBUG [hold] Prop: r21 Duration: 2 Negation: False Props: set(['r12', 'r21'])
11/07/2019 12:35:45 PM DEBUG [eventually] Low: 0 High: 7 DFA: (Hold 2 r21 )
11/07/2019 12:35:45 PM DEBUG [hold] Prop: r12 Duration: 2 Negation: False Props: set(['r12', 'r21'])
11/07/2019 12:35:45 PM DEBUG [eventually] Low: 0 High: 7 DFA: (Hold 2 r12 )
11/07/2019 12:35:45 PM DEBUG [concatenation] DFA1: (Eventually (Hold 2 r21 ) 0 7 ) DFA2: (Eventually (Hold 2 r12 ) 0 7 )
11/07/2019 12:35:45 PM DEBUG [spec] spec: [H^2 r21]^[0, 7] * [H^2 r12]^[0, 7]
11/07/2019 12:35:45 PM DEBUG [spec] mode: Infinity DFA: 
Name: (Concat (Eventually (Hold 2 r21 ) 0 7 ) (Eventually (Hold 2 r12 ) 0 7 ) )
Directed: True
Multi: False
Props: {'r12': 1, 'r21': 2}
Alphabet: set([0, 1, 2, 3]) 
Initial: [0]
Final: set([6])
Nodes: [(0, {}), (1, {}), (2, {}), (3, {}), (4, {}), (5, {}), (6, {})]
Edges: [(0, 0, {'input': set([0, 1]), 'guard': '(else)', 'weight': 0, 'label': '(else)'}), (0, 1, {'input': set([2, 3]), 'guard': u'r21', 'weight': 0, 'label': u'r21'}), (1, 0, {'input': set([0, 1]), 'guard': '(else)', 'weight': 0, 'label': '(else)'}), (1, 2, {'input': set([2, 3]), 'guard': u'r21', 'weight': 0, 'label': u'r21'}), (2, 0, {'input': set([0, 1]), 'guard': '(else)', 'weight': 0, 'label': '(else)'}), (2, 3, {'input': set([2, 3]), 'guard': u'r21', 'weight': 0, 'label': u'r21'}), (3, 3, {'input': set([0, 2]), 'guard': '(else)', 'weight': 0, 'label': '(else)'}), (3, 4, {'input': set([1, 3]), 'guard': u'r12', 'weight': 0, 'label': u'r12'}), (4, 3, {'input': set([0, 2]), 'guard': '(else)', 'weight': 0, 'label': '(else)'}), (4, 5, {'input': set([1, 3]), 'guard': u'r12', 'weight': 0, 'label': u'r12'}), (5, 3, {'input': set([0, 2]), 'guard': '(else)', 'weight': 0, 'label': '(else)'}), (5, 6, {'input': set([1, 3]), 'guard': u'r12', 'weight': 0, 'label': u'r12'})]
		
11/07/2019 12:35:45 PM DEBUG [spec] tree:
 Op: Concatenation Flags[WDF, WWF, UNR]: True True False
 Init: set([0])
 Final: set([6])
 Left:
   Op: Eventually Flags[WDF, WWF, UNR]: True True False
   Init: set([0])
   Final: set([3])
   Left:
     Op: Hold Flags[WDF, WWF, UNR]: True True True
     Init: set([0])
     Final: set([3])
 Right:
   Op: Eventually Flags[WDF, WWF, UNR]: True True False
   Init: set([3])
   Final: set([6])
   Left:
     Op: Hold Flags[WDF, WWF, UNR]: True True True
     Init: set([3])
     Final: set([6])

11/07/2019 12:35:45 PM DEBUG [spec] No of nodes: 7
11/07/2019 12:35:45 PM DEBUG [spec] No of edges: 12
11/07/2019 12:35:45 PM DEBUG 
End of translate


11/07/2019 12:35:45 PM INFO The bound of formula "[H^2 r21]^[0, 7] * [H^2 r12]^[0, 7]" is (5, 15)!
11/07/2019 12:35:45 PM INFO Translated formula "[H^2 r21]^[0, 7] * [H^2 r12]^[0, 7]" to infinity DFA of size (7, 12)!
11/07/2019 12:35:45 PM DEBUG [hold] Prop: r21 Duration: 2 Negation: False Props: set(['r23', 'r21'])
11/07/2019 12:35:45 PM DEBUG [eventually] Low: 0 High: 8 DFA: (Hold 2 r21 )
11/07/2019 12:35:45 PM DEBUG [hold] Prop: r23 Duration: 2 Negation: False Props: set(['r23', 'r21'])
11/07/2019 12:35:45 PM DEBUG [eventually] Low: 0 High: 7 DFA: (Hold 2 r23 )
11/07/2019 12:35:45 PM DEBUG [concatenation] DFA1: (Eventually (Hold 2 r21 ) 0 8 ) DFA2: (Eventually (Hold 2 r23 ) 0 7 )
11/07/2019 12:35:45 PM DEBUG [spec] spec: [H^2 r21]^[0, 8] * [H^2 r23]^[0, 7]
11/07/2019 12:35:45 PM DEBUG [spec] mode: Infinity DFA: 
Name: (Concat (Eventually (Hold 2 r21 ) 0 8 ) (Eventually (Hold 2 r23 ) 0 7 ) )
Directed: True
Multi: False
Props: {'r23': 1, 'r21': 2}
Alphabet: set([0, 1, 2, 3]) 
Initial: [0]
Final: set([6])
Nodes: [(0, {}), (1, {}), (2, {}), (3, {}), (4, {}), (5, {}), (6, {})]
Edges: [(0, 0, {'input': set([0, 1]), 'guard': '(else)', 'weight': 0, 'label': '(else)'}), (0, 1, {'input': set([2, 3]), 'guard': u'r21', 'weight': 0, 'label': u'r21'}), (1, 0, {'input': set([0, 1]), 'guard': '(else)', 'weight': 0, 'label': '(else)'}), (1, 2, {'input': set([2, 3]), 'guard': u'r21', 'weight': 0, 'label': u'r21'}), (2, 0, {'input': set([0, 1]), 'guard': '(else)', 'weight': 0, 'label': '(else)'}), (2, 3, {'input': set([2, 3]), 'guard': u'r21', 'weight': 0, 'label': u'r21'}), (3, 3, {'input': set([0, 2]), 'guard': '(else)', 'weight': 0, 'label': '(else)'}), (3, 4, {'input': set([1, 3]), 'guard': u'r23', 'weight': 0, 'label': u'r23'}), (4, 3, {'input': set([0, 2]), 'guard': '(else)', 'weight': 0, 'label': '(else)'}), (4, 5, {'input': set([1, 3]), 'guard': u'r23', 'weight': 0, 'label': u'r23'}), (5, 3, {'input': set([0, 2]), 'guard': '(else)', 'weight': 0, 'label': '(else)'}), (5, 6, {'input': set([1, 3]), 'guard': u'r23', 'weight': 0, 'label': u'r23'})]
		
11/07/2019 12:35:45 PM DEBUG [spec] tree:
 Op: Concatenation Flags[WDF, WWF, UNR]: True True False
 Init: set([0])
 Final: set([6])
 Left:
   Op: Eventually Flags[WDF, WWF, UNR]: True True False
   Init: set([0])
   Final: set([3])
   Left:
     Op: Hold Flags[WDF, WWF, UNR]: True True True
     Init: set([0])
     Final: set([3])
 Right:
   Op: Eventually Flags[WDF, WWF, UNR]: True True False
   Init: set([3])
   Final: set([6])
   Left:
     Op: Hold Flags[WDF, WWF, UNR]: True True True
     Init: set([3])
     Final: set([6])

11/07/2019 12:35:45 PM DEBUG [spec] No of nodes: 7
11/07/2019 12:35:45 PM DEBUG [spec] No of edges: 12
11/07/2019 12:35:45 PM DEBUG 
End of translate


11/07/2019 12:35:45 PM INFO The bound of formula "[H^2 r21]^[0, 8] * [H^2 r23]^[0, 7]" is (5, 16)!
11/07/2019 12:35:45 PM INFO Translated formula "[H^2 r21]^[0, 8] * [H^2 r23]^[0, 7]" to infinity DFA of size (7, 12)!
11/07/2019 12:35:45 PM DEBUG [hold] Prop: r31 Duration: 2 Negation: False Props: set(['r31', 'r10'])
11/07/2019 12:35:45 PM DEBUG [eventually] Low: 0 High: 8 DFA: (Hold 2 r31 )
11/07/2019 12:35:45 PM DEBUG [hold] Prop: r10 Duration: 3 Negation: False Props: set(['r31', 'r10'])
11/07/2019 12:35:45 PM DEBUG [eventually] Low: 0 High: 10 DFA: (Hold 3 r10 )
11/07/2019 12:35:45 PM DEBUG [concatenation] DFA1: (Eventually (Hold 2 r31 ) 0 8 ) DFA2: (Eventually (Hold 3 r10 ) 0 10 )
11/07/2019 12:35:45 PM DEBUG [spec] spec: [H^2 r31]^[0, 8] * [H^3 r10]^[0, 10]
11/07/2019 12:35:45 PM DEBUG [spec] mode: Infinity DFA: 
Name: (Concat (Eventually (Hold 2 r31 ) 0 8 ) (Eventually (Hold 3 r10 ) 0 10 ) )
Directed: True
Multi: False
Props: {'r31': 1, 'r10': 2}
Alphabet: set([0, 1, 2, 3]) 
Initial: [0]
Final: set([7])
Nodes: [(0, {}), (1, {}), (2, {}), (3, {}), (4, {}), (5, {}), (6, {}), (7, {})]
Edges: [(0, 0, {'input': set([0, 2]), 'guard': '(else)', 'weight': 0, 'label': '(else)'}), (0, 1, {'input': set([1, 3]), 'guard': u'r31', 'weight': 0, 'label': u'r31'}), (1, 0, {'input': set([0, 2]), 'guard': '(else)', 'weight': 0, 'label': '(else)'}), (1, 2, {'input': set([1, 3]), 'guard': u'r31', 'weight': 0, 'label': u'r31'}), (2, 0, {'input': set([0, 2]), 'guard': '(else)', 'weight': 0, 'label': '(else)'}), (2, 3, {'input': set([1, 3]), 'guard': u'r31', 'weight': 0, 'label': u'r31'}), (3, 3, {'input': set([0, 1]), 'guard': '(else)', 'weight': 0, 'label': '(else)'}), (3, 4, {'input': set([2, 3]), 'guard': u'r10', 'weight': 0, 'label': u'r10'}), (4, 3, {'input': set([0, 1]), 'guard': '(else)', 'weight': 0, 'label': '(else)'}), (4, 5, {'input': set([2, 3]), 'guard': u'r10', 'weight': 0, 'label': u'r10'}), (5, 3, {'input': set([0, 1]), 'guard': '(else)', 'weight': 0, 'label': '(else)'}), (5, 6, {'input': set([2, 3]), 'guard': u'r10', 'weight': 0, 'label': u'r10'}), (6, 3, {'input': set([0, 1]), 'guard': '(else)', 'weight': 0, 'label': '(else)'}), (6, 7, {'input': set([2, 3]), 'guard': u'r10', 'weight': 0, 'label': u'r10'})]
		
11/07/2019 12:35:45 PM DEBUG [spec] tree:
 Op: Concatenation Flags[WDF, WWF, UNR]: True True False
 Init: set([0])
 Final: set([7])
 Left:
   Op: Eventually Flags[WDF, WWF, UNR]: True True False
   Init: set([0])
   Final: set([3])
   Left:
     Op: Hold Flags[WDF, WWF, UNR]: True True True
     Init: set([0])
     Final: set([3])
 Right:
   Op: Eventually Flags[WDF, WWF, UNR]: True True False
   Init: set([3])
   Final: set([7])
   Left:
     Op: Hold Flags[WDF, WWF, UNR]: True True True
     Init: set([3])
     Final: set([7])

11/07/2019 12:35:45 PM DEBUG [spec] No of nodes: 8
11/07/2019 12:35:45 PM DEBUG [spec] No of edges: 14
11/07/2019 12:35:45 PM DEBUG 
End of translate


11/07/2019 12:35:45 PM INFO The bound of formula "[H^2 r31]^[0, 8] * [H^3 r10]^[0, 10]" is (6, 19)!
11/07/2019 12:35:45 PM INFO Translated formula "[H^2 r31]^[0, 8] * [H^3 r10]^[0, 10]" to infinity DFA of size (8, 14)!
11/07/2019 12:35:45 PM DEBUG 

Start policy computation

11/07/2019 12:35:45 PM DEBUG [extend_ts] TS: (34, 228) ETS:(34, 228)
11/07/2019 12:35:45 PM DEBUG [extend_ts] TS: (34, 228) ETS:(34, 228)
11/07/2019 12:35:45 PM DEBUG [extend_ts] TS: (34, 228) ETS:(34, 228)
11/07/2019 12:35:45 PM INFO Constructing product automaton with infinity DFA!
11/07/2019 12:35:45 PM INFO Product automaton size is: (71, 470)
11/07/2019 12:35:45 PM INFO Constructing product automaton with infinity DFA!
11/07/2019 12:35:45 PM INFO Product automaton size is: (71, 469)
11/07/2019 12:35:45 PM INFO Constructing product automaton with infinity DFA!
11/07/2019 12:35:45 PM INFO Product automaton size is: (72, 478)
11/07/2019 12:49:40 PM DEBUG [hold] Prop: r21 Duration: 2 Negation: False Props: set(['r12', 'r21'])
11/07/2019 12:49:40 PM DEBUG [eventually] Low: 0 High: 7 DFA: (Hold 2 r21 )
11/07/2019 12:49:40 PM DEBUG [hold] Prop: r12 Duration: 2 Negation: False Props: set(['r12', 'r21'])
11/07/2019 12:49:40 PM DEBUG [eventually] Low: 0 High: 7 DFA: (Hold 2 r12 )
11/07/2019 12:49:40 PM DEBUG [concatenation] DFA1: (Eventually (Hold 2 r21 ) 0 7 ) DFA2: (Eventually (Hold 2 r12 ) 0 7 )
11/07/2019 12:49:40 PM DEBUG [spec] spec: [H^2 r21]^[0, 7] * [H^2 r12]^[0, 7]
11/07/2019 12:49:40 PM DEBUG [spec] mode: Infinity DFA: 
Name: (Concat (Eventually (Hold 2 r21 ) 0 7 ) (Eventually (Hold 2 r12 ) 0 7 ) )
Directed: True
Multi: False
Props: {'r12': 1, 'r21': 2}
Alphabet: set([0, 1, 2, 3]) 
Initial: [0]
Final: set([6])
Nodes: [(0, {}), (1, {}), (2, {}), (3, {}), (4, {}), (5, {}), (6, {})]
Edges: [(0, 0, {'input': set([0, 1]), 'guard': '(else)', 'weight': 0, 'label': '(else)'}), (0, 1, {'input': set([2, 3]), 'guard': u'r21', 'weight': 0, 'label': u'r21'}), (1, 0, {'input': set([0, 1]), 'guard': '(else)', 'weight': 0, 'label': '(else)'}), (1, 2, {'input': set([2, 3]), 'guard': u'r21', 'weight': 0, 'label': u'r21'}), (2, 0, {'input': set([0, 1]), 'guard': '(else)', 'weight': 0, 'label': '(else)'}), (2, 3, {'input': set([2, 3]), 'guard': u'r21', 'weight': 0, 'label': u'r21'}), (3, 3, {'input': set([0, 2]), 'guard': '(else)', 'weight': 0, 'label': '(else)'}), (3, 4, {'input': set([1, 3]), 'guard': u'r12', 'weight': 0, 'label': u'r12'}), (4, 3, {'input': set([0, 2]), 'guard': '(else)', 'weight': 0, 'label': '(else)'}), (4, 5, {'input': set([1, 3]), 'guard': u'r12', 'weight': 0, 'label': u'r12'}), (5, 3, {'input': set([0, 2]), 'guard': '(else)', 'weight': 0, 'label': '(else)'}), (5, 6, {'input': set([1, 3]), 'guard': u'r12', 'weight': 0, 'label': u'r12'})]
		
11/07/2019 12:49:40 PM DEBUG [spec] tree:
 Op: Concatenation Flags[WDF, WWF, UNR]: True True False
 Init: set([0])
 Final: set([6])
 Left:
   Op: Eventually Flags[WDF, WWF, UNR]: True True False
   Init: set([0])
   Final: set([3])
   Left:
     Op: Hold Flags[WDF, WWF, UNR]: True True True
     Init: set([0])
     Final: set([3])
 Right:
   Op: Eventually Flags[WDF, WWF, UNR]: True True False
   Init: set([3])
   Final: set([6])
   Left:
     Op: Hold Flags[WDF, WWF, UNR]: True True True
     Init: set([3])
     Final: set([6])

11/07/2019 12:49:40 PM DEBUG [spec] No of nodes: 7
11/07/2019 12:49:40 PM DEBUG [spec] No of edges: 12
11/07/2019 12:49:40 PM DEBUG 
End of translate


11/07/2019 12:49:40 PM INFO The bound of formula "[H^2 r21]^[0, 7] * [H^2 r12]^[0, 7]" is (5, 15)!
11/07/2019 12:49:40 PM INFO Translated formula "[H^2 r21]^[0, 7] * [H^2 r12]^[0, 7]" to infinity DFA of size (7, 12)!
11/07/2019 12:49:40 PM DEBUG [hold] Prop: r21 Duration: 2 Negation: False Props: set(['r23', 'r21'])
11/07/2019 12:49:40 PM DEBUG [eventually] Low: 0 High: 8 DFA: (Hold 2 r21 )
11/07/2019 12:49:40 PM DEBUG [hold] Prop: r23 Duration: 2 Negation: False Props: set(['r23', 'r21'])
11/07/2019 12:49:40 PM DEBUG [eventually] Low: 0 High: 7 DFA: (Hold 2 r23 )
11/07/2019 12:49:40 PM DEBUG [concatenation] DFA1: (Eventually (Hold 2 r21 ) 0 8 ) DFA2: (Eventually (Hold 2 r23 ) 0 7 )
11/07/2019 12:49:40 PM DEBUG [spec] spec: [H^2 r21]^[0, 8] * [H^2 r23]^[0, 7]
11/07/2019 12:49:40 PM DEBUG [spec] mode: Infinity DFA: 
Name: (Concat (Eventually (Hold 2 r21 ) 0 8 ) (Eventually (Hold 2 r23 ) 0 7 ) )
Directed: True
Multi: False
Props: {'r23': 1, 'r21': 2}
Alphabet: set([0, 1, 2, 3]) 
Initial: [0]
Final: set([6])
Nodes: [(0, {}), (1, {}), (2, {}), (3, {}), (4, {}), (5, {}), (6, {})]
Edges: [(0, 0, {'input': set([0, 1]), 'guard': '(else)', 'weight': 0, 'label': '(else)'}), (0, 1, {'input': set([2, 3]), 'guard': u'r21', 'weight': 0, 'label': u'r21'}), (1, 0, {'input': set([0, 1]), 'guard': '(else)', 'weight': 0, 'label': '(else)'}), (1, 2, {'input': set([2, 3]), 'guard': u'r21', 'weight': 0, 'label': u'r21'}), (2, 0, {'input': set([0, 1]), 'guard': '(else)', 'weight': 0, 'label': '(else)'}), (2, 3, {'input': set([2, 3]), 'guard': u'r21', 'weight': 0, 'label': u'r21'}), (3, 3, {'input': set([0, 2]), 'guard': '(else)', 'weight': 0, 'label': '(else)'}), (3, 4, {'input': set([1, 3]), 'guard': u'r23', 'weight': 0, 'label': u'r23'}), (4, 3, {'input': set([0, 2]), 'guard': '(else)', 'weight': 0, 'label': '(else)'}), (4, 5, {'input': set([1, 3]), 'guard': u'r23', 'weight': 0, 'label': u'r23'}), (5, 3, {'input': set([0, 2]), 'guard': '(else)', 'weight': 0, 'label': '(else)'}), (5, 6, {'input': set([1, 3]), 'guard': u'r23', 'weight': 0, 'label': u'r23'})]
		
11/07/2019 12:49:40 PM DEBUG [spec] tree:
 Op: Concatenation Flags[WDF, WWF, UNR]: True True False
 Init: set([0])
 Final: set([6])
 Left:
   Op: Eventually Flags[WDF, WWF, UNR]: True True False
   Init: set([0])
   Final: set([3])
   Left:
     Op: Hold Flags[WDF, WWF, UNR]: True True True
     Init: set([0])
     Final: set([3])
 Right:
   Op: Eventually Flags[WDF, WWF, UNR]: True True False
   Init: set([3])
   Final: set([6])
   Left:
     Op: Hold Flags[WDF, WWF, UNR]: True True True
     Init: set([3])
     Final: set([6])

11/07/2019 12:49:40 PM DEBUG [spec] No of nodes: 7
11/07/2019 12:49:40 PM DEBUG [spec] No of edges: 12
11/07/2019 12:49:40 PM DEBUG 
End of translate


11/07/2019 12:49:40 PM INFO The bound of formula "[H^2 r21]^[0, 8] * [H^2 r23]^[0, 7]" is (5, 16)!
11/07/2019 12:49:40 PM INFO Translated formula "[H^2 r21]^[0, 8] * [H^2 r23]^[0, 7]" to infinity DFA of size (7, 12)!
11/07/2019 12:49:40 PM DEBUG [hold] Prop: r31 Duration: 2 Negation: False Props: set(['r31', 'r10'])
11/07/2019 12:49:40 PM DEBUG [eventually] Low: 0 High: 8 DFA: (Hold 2 r31 )
11/07/2019 12:49:40 PM DEBUG [hold] Prop: r10 Duration: 3 Negation: False Props: set(['r31', 'r10'])
11/07/2019 12:49:40 PM DEBUG [eventually] Low: 0 High: 10 DFA: (Hold 3 r10 )
11/07/2019 12:49:40 PM DEBUG [concatenation] DFA1: (Eventually (Hold 2 r31 ) 0 8 ) DFA2: (Eventually (Hold 3 r10 ) 0 10 )
11/07/2019 12:49:40 PM DEBUG [spec] spec: [H^2 r31]^[0, 8] * [H^3 r10]^[0, 10]
11/07/2019 12:49:40 PM DEBUG [spec] mode: Infinity DFA: 
Name: (Concat (Eventually (Hold 2 r31 ) 0 8 ) (Eventually (Hold 3 r10 ) 0 10 ) )
Directed: True
Multi: False
Props: {'r31': 1, 'r10': 2}
Alphabet: set([0, 1, 2, 3]) 
Initial: [0]
Final: set([7])
Nodes: [(0, {}), (1, {}), (2, {}), (3, {}), (4, {}), (5, {}), (6, {}), (7, {})]
Edges: [(0, 0, {'input': set([0, 2]), 'guard': '(else)', 'weight': 0, 'label': '(else)'}), (0, 1, {'input': set([1, 3]), 'guard': u'r31', 'weight': 0, 'label': u'r31'}), (1, 0, {'input': set([0, 2]), 'guard': '(else)', 'weight': 0, 'label': '(else)'}), (1, 2, {'input': set([1, 3]), 'guard': u'r31', 'weight': 0, 'label': u'r31'}), (2, 0, {'input': set([0, 2]), 'guard': '(else)', 'weight': 0, 'label': '(else)'}), (2, 3, {'input': set([1, 3]), 'guard': u'r31', 'weight': 0, 'label': u'r31'}), (3, 3, {'input': set([0, 1]), 'guard': '(else)', 'weight': 0, 'label': '(else)'}), (3, 4, {'input': set([2, 3]), 'guard': u'r10', 'weight': 0, 'label': u'r10'}), (4, 3, {'input': set([0, 1]), 'guard': '(else)', 'weight': 0, 'label': '(else)'}), (4, 5, {'input': set([2, 3]), 'guard': u'r10', 'weight': 0, 'label': u'r10'}), (5, 3, {'input': set([0, 1]), 'guard': '(else)', 'weight': 0, 'label': '(else)'}), (5, 6, {'input': set([2, 3]), 'guard': u'r10', 'weight': 0, 'label': u'r10'}), (6, 3, {'input': set([0, 1]), 'guard': '(else)', 'weight': 0, 'label': '(else)'}), (6, 7, {'input': set([2, 3]), 'guard': u'r10', 'weight': 0, 'label': u'r10'})]
		
11/07/2019 12:49:40 PM DEBUG [spec] tree:
 Op: Concatenation Flags[WDF, WWF, UNR]: True True False
 Init: set([0])
 Final: set([7])
 Left:
   Op: Eventually Flags[WDF, WWF, UNR]: True True False
   Init: set([0])
   Final: set([3])
   Left:
     Op: Hold Flags[WDF, WWF, UNR]: True True True
     Init: set([0])
     Final: set([3])
 Right:
   Op: Eventually Flags[WDF, WWF, UNR]: True True False
   Init: set([3])
   Final: set([7])
   Left:
     Op: Hold Flags[WDF, WWF, UNR]: True True True
     Init: set([3])
     Final: set([7])

11/07/2019 12:49:40 PM DEBUG [spec] No of nodes: 8
11/07/2019 12:49:40 PM DEBUG [spec] No of edges: 14
11/07/2019 12:49:40 PM DEBUG 
End of translate


11/07/2019 12:49:40 PM INFO The bound of formula "[H^2 r31]^[0, 8] * [H^3 r10]^[0, 10]" is (6, 19)!
11/07/2019 12:49:40 PM INFO Translated formula "[H^2 r31]^[0, 8] * [H^3 r10]^[0, 10]" to infinity DFA of size (8, 14)!
11/07/2019 12:49:40 PM DEBUG 

Start policy computation

11/07/2019 12:49:40 PM DEBUG [extend_ts] TS: (34, 228) ETS:(34, 228)
11/07/2019 12:49:40 PM DEBUG [extend_ts] TS: (34, 228) ETS:(34, 228)
11/07/2019 12:49:40 PM DEBUG [extend_ts] TS: (34, 228) ETS:(34, 228)
11/07/2019 12:49:40 PM INFO Constructing product automaton with infinity DFA!
11/07/2019 12:49:40 PM INFO Product automaton size is: (71, 470)
11/07/2019 12:49:40 PM INFO Constructing product automaton with infinity DFA!
11/07/2019 12:49:40 PM INFO Product automaton size is: (71, 469)
11/07/2019 12:49:40 PM INFO Constructing product automaton with infinity DFA!
11/07/2019 12:49:40 PM INFO Product automaton size is: (72, 478)
11/07/2019 03:58:50 PM DEBUG [hold] Prop: r21 Duration: 2 Negation: False Props: set(['r12', 'r21'])
11/07/2019 03:58:50 PM DEBUG [eventually] Low: 0 High: 7 DFA: (Hold 2 r21 )
11/07/2019 03:58:50 PM DEBUG [hold] Prop: r12 Duration: 2 Negation: False Props: set(['r12', 'r21'])
11/07/2019 03:58:50 PM DEBUG [eventually] Low: 0 High: 7 DFA: (Hold 2 r12 )
11/07/2019 03:58:50 PM DEBUG [concatenation] DFA1: (Eventually (Hold 2 r21 ) 0 7 ) DFA2: (Eventually (Hold 2 r12 ) 0 7 )
11/07/2019 03:58:50 PM DEBUG [spec] spec: [H^2 r21]^[0, 7] * [H^2 r12]^[0, 7]
11/07/2019 03:58:50 PM DEBUG [spec] mode: Infinity DFA: 
Name: (Concat (Eventually (Hold 2 r21 ) 0 7 ) (Eventually (Hold 2 r12 ) 0 7 ) )
Directed: True
Multi: False
Props: {'r12': 1, 'r21': 2}
Alphabet: set([0, 1, 2, 3]) 
Initial: [0]
Final: set([6])
Nodes: [(0, {}), (1, {}), (2, {}), (3, {}), (4, {}), (5, {}), (6, {})]
Edges: [(0, 0, {'input': set([0, 1]), 'guard': '(else)', 'weight': 0, 'label': '(else)'}), (0, 1, {'input': set([2, 3]), 'guard': u'r21', 'weight': 0, 'label': u'r21'}), (1, 0, {'input': set([0, 1]), 'guard': '(else)', 'weight': 0, 'label': '(else)'}), (1, 2, {'input': set([2, 3]), 'guard': u'r21', 'weight': 0, 'label': u'r21'}), (2, 0, {'input': set([0, 1]), 'guard': '(else)', 'weight': 0, 'label': '(else)'}), (2, 3, {'input': set([2, 3]), 'guard': u'r21', 'weight': 0, 'label': u'r21'}), (3, 3, {'input': set([0, 2]), 'guard': '(else)', 'weight': 0, 'label': '(else)'}), (3, 4, {'input': set([1, 3]), 'guard': u'r12', 'weight': 0, 'label': u'r12'}), (4, 3, {'input': set([0, 2]), 'guard': '(else)', 'weight': 0, 'label': '(else)'}), (4, 5, {'input': set([1, 3]), 'guard': u'r12', 'weight': 0, 'label': u'r12'}), (5, 3, {'input': set([0, 2]), 'guard': '(else)', 'weight': 0, 'label': '(else)'}), (5, 6, {'input': set([1, 3]), 'guard': u'r12', 'weight': 0, 'label': u'r12'})]
		
11/07/2019 03:58:50 PM DEBUG [spec] tree:
 Op: Concatenation Flags[WDF, WWF, UNR]: True True False
 Init: set([0])
 Final: set([6])
 Left:
   Op: Eventually Flags[WDF, WWF, UNR]: True True False
   Init: set([0])
   Final: set([3])
   Left:
     Op: Hold Flags[WDF, WWF, UNR]: True True True
     Init: set([0])
     Final: set([3])
 Right:
   Op: Eventually Flags[WDF, WWF, UNR]: True True False
   Init: set([3])
   Final: set([6])
   Left:
     Op: Hold Flags[WDF, WWF, UNR]: True True True
     Init: set([3])
     Final: set([6])

11/07/2019 03:58:50 PM DEBUG [spec] No of nodes: 7
11/07/2019 03:58:50 PM DEBUG [spec] No of edges: 12
11/07/2019 03:58:50 PM DEBUG 
End of translate


11/07/2019 03:58:50 PM INFO The bound of formula "[H^2 r21]^[0, 7] * [H^2 r12]^[0, 7]" is (5, 15)!
11/07/2019 03:58:50 PM INFO Translated formula "[H^2 r21]^[0, 7] * [H^2 r12]^[0, 7]" to infinity DFA of size (7, 12)!
11/07/2019 03:58:50 PM DEBUG [hold] Prop: r21 Duration: 2 Negation: False Props: set(['r23', 'r21'])
11/07/2019 03:58:50 PM DEBUG [eventually] Low: 0 High: 8 DFA: (Hold 2 r21 )
11/07/2019 03:58:50 PM DEBUG [hold] Prop: r23 Duration: 2 Negation: False Props: set(['r23', 'r21'])
11/07/2019 03:58:50 PM DEBUG [eventually] Low: 0 High: 7 DFA: (Hold 2 r23 )
11/07/2019 03:58:50 PM DEBUG [concatenation] DFA1: (Eventually (Hold 2 r21 ) 0 8 ) DFA2: (Eventually (Hold 2 r23 ) 0 7 )
11/07/2019 03:58:50 PM DEBUG [spec] spec: [H^2 r21]^[0, 8] * [H^2 r23]^[0, 7]
11/07/2019 03:58:50 PM DEBUG [spec] mode: Infinity DFA: 
Name: (Concat (Eventually (Hold 2 r21 ) 0 8 ) (Eventually (Hold 2 r23 ) 0 7 ) )
Directed: True
Multi: False
Props: {'r23': 1, 'r21': 2}
Alphabet: set([0, 1, 2, 3]) 
Initial: [0]
Final: set([6])
Nodes: [(0, {}), (1, {}), (2, {}), (3, {}), (4, {}), (5, {}), (6, {})]
Edges: [(0, 0, {'input': set([0, 1]), 'guard': '(else)', 'weight': 0, 'label': '(else)'}), (0, 1, {'input': set([2, 3]), 'guard': u'r21', 'weight': 0, 'label': u'r21'}), (1, 0, {'input': set([0, 1]), 'guard': '(else)', 'weight': 0, 'label': '(else)'}), (1, 2, {'input': set([2, 3]), 'guard': u'r21', 'weight': 0, 'label': u'r21'}), (2, 0, {'input': set([0, 1]), 'guard': '(else)', 'weight': 0, 'label': '(else)'}), (2, 3, {'input': set([2, 3]), 'guard': u'r21', 'weight': 0, 'label': u'r21'}), (3, 3, {'input': set([0, 2]), 'guard': '(else)', 'weight': 0, 'label': '(else)'}), (3, 4, {'input': set([1, 3]), 'guard': u'r23', 'weight': 0, 'label': u'r23'}), (4, 3, {'input': set([0, 2]), 'guard': '(else)', 'weight': 0, 'label': '(else)'}), (4, 5, {'input': set([1, 3]), 'guard': u'r23', 'weight': 0, 'label': u'r23'}), (5, 3, {'input': set([0, 2]), 'guard': '(else)', 'weight': 0, 'label': '(else)'}), (5, 6, {'input': set([1, 3]), 'guard': u'r23', 'weight': 0, 'label': u'r23'})]
		
11/07/2019 03:58:50 PM DEBUG [spec] tree:
 Op: Concatenation Flags[WDF, WWF, UNR]: True True False
 Init: set([0])
 Final: set([6])
 Left:
   Op: Eventually Flags[WDF, WWF, UNR]: True True False
   Init: set([0])
   Final: set([3])
   Left:
     Op: Hold Flags[WDF, WWF, UNR]: True True True
     Init: set([0])
     Final: set([3])
 Right:
   Op: Eventually Flags[WDF, WWF, UNR]: True True False
   Init: set([3])
   Final: set([6])
   Left:
     Op: Hold Flags[WDF, WWF, UNR]: True True True
     Init: set([3])
     Final: set([6])

11/07/2019 03:58:50 PM DEBUG [spec] No of nodes: 7
11/07/2019 03:58:50 PM DEBUG [spec] No of edges: 12
11/07/2019 03:58:50 PM DEBUG 
End of translate


11/07/2019 03:58:50 PM INFO The bound of formula "[H^2 r21]^[0, 8] * [H^2 r23]^[0, 7]" is (5, 16)!
11/07/2019 03:58:50 PM INFO Translated formula "[H^2 r21]^[0, 8] * [H^2 r23]^[0, 7]" to infinity DFA of size (7, 12)!
11/07/2019 03:58:50 PM DEBUG [hold] Prop: r31 Duration: 2 Negation: False Props: set(['r31', 'r10'])
11/07/2019 03:58:50 PM DEBUG [eventually] Low: 0 High: 8 DFA: (Hold 2 r31 )
11/07/2019 03:58:50 PM DEBUG [hold] Prop: r10 Duration: 3 Negation: False Props: set(['r31', 'r10'])
11/07/2019 03:58:50 PM DEBUG [eventually] Low: 0 High: 10 DFA: (Hold 3 r10 )
11/07/2019 03:58:50 PM DEBUG [concatenation] DFA1: (Eventually (Hold 2 r31 ) 0 8 ) DFA2: (Eventually (Hold 3 r10 ) 0 10 )
11/07/2019 03:58:50 PM DEBUG [spec] spec: [H^2 r31]^[0, 8] * [H^3 r10]^[0, 10]
11/07/2019 03:58:50 PM DEBUG [spec] mode: Infinity DFA: 
Name: (Concat (Eventually (Hold 2 r31 ) 0 8 ) (Eventually (Hold 3 r10 ) 0 10 ) )
Directed: True
Multi: False
Props: {'r31': 1, 'r10': 2}
Alphabet: set([0, 1, 2, 3]) 
Initial: [0]
Final: set([7])
Nodes: [(0, {}), (1, {}), (2, {}), (3, {}), (4, {}), (5, {}), (6, {}), (7, {})]
Edges: [(0, 0, {'input': set([0, 2]), 'guard': '(else)', 'weight': 0, 'label': '(else)'}), (0, 1, {'input': set([1, 3]), 'guard': u'r31', 'weight': 0, 'label': u'r31'}), (1, 0, {'input': set([0, 2]), 'guard': '(else)', 'weight': 0, 'label': '(else)'}), (1, 2, {'input': set([1, 3]), 'guard': u'r31', 'weight': 0, 'label': u'r31'}), (2, 0, {'input': set([0, 2]), 'guard': '(else)', 'weight': 0, 'label': '(else)'}), (2, 3, {'input': set([1, 3]), 'guard': u'r31', 'weight': 0, 'label': u'r31'}), (3, 3, {'input': set([0, 1]), 'guard': '(else)', 'weight': 0, 'label': '(else)'}), (3, 4, {'input': set([2, 3]), 'guard': u'r10', 'weight': 0, 'label': u'r10'}), (4, 3, {'input': set([0, 1]), 'guard': '(else)', 'weight': 0, 'label': '(else)'}), (4, 5, {'input': set([2, 3]), 'guard': u'r10', 'weight': 0, 'label': u'r10'}), (5, 3, {'input': set([0, 1]), 'guard': '(else)', 'weight': 0, 'label': '(else)'}), (5, 6, {'input': set([2, 3]), 'guard': u'r10', 'weight': 0, 'label': u'r10'}), (6, 3, {'input': set([0, 1]), 'guard': '(else)', 'weight': 0, 'label': '(else)'}), (6, 7, {'input': set([2, 3]), 'guard': u'r10', 'weight': 0, 'label': u'r10'})]
		
11/07/2019 03:58:50 PM DEBUG [spec] tree:
 Op: Concatenation Flags[WDF, WWF, UNR]: True True False
 Init: set([0])
 Final: set([7])
 Left:
   Op: Eventually Flags[WDF, WWF, UNR]: True True False
   Init: set([0])
   Final: set([3])
   Left:
     Op: Hold Flags[WDF, WWF, UNR]: True True True
     Init: set([0])
     Final: set([3])
 Right:
   Op: Eventually Flags[WDF, WWF, UNR]: True True False
   Init: set([3])
   Final: set([7])
   Left:
     Op: Hold Flags[WDF, WWF, UNR]: True True True
     Init: set([3])
     Final: set([7])

11/07/2019 03:58:50 PM DEBUG [spec] No of nodes: 8
11/07/2019 03:58:50 PM DEBUG [spec] No of edges: 14
11/07/2019 03:58:50 PM DEBUG 
End of translate


11/07/2019 03:58:50 PM INFO The bound of formula "[H^2 r31]^[0, 8] * [H^3 r10]^[0, 10]" is (6, 19)!
11/07/2019 03:58:50 PM INFO Translated formula "[H^2 r31]^[0, 8] * [H^3 r10]^[0, 10]" to infinity DFA of size (8, 14)!
11/07/2019 03:58:50 PM DEBUG 

Start policy computation

11/07/2019 03:58:50 PM DEBUG [extend_ts] TS: (34, 228) ETS:(34, 228)
11/07/2019 03:58:50 PM DEBUG [extend_ts] TS: (34, 228) ETS:(34, 228)
11/07/2019 03:58:50 PM DEBUG [extend_ts] TS: (34, 228) ETS:(34, 228)
11/07/2019 03:58:50 PM INFO Constructing product automaton with infinity DFA!
11/07/2019 03:58:50 PM INFO Product automaton size is: (71, 470)
11/07/2019 03:58:50 PM INFO Constructing product automaton with infinity DFA!
11/07/2019 03:58:50 PM INFO Product automaton size is: (71, 469)
11/07/2019 03:58:50 PM INFO Constructing product automaton with infinity DFA!
11/07/2019 03:58:50 PM INFO Product automaton size is: (72, 478)
11/07/2019 03:59:12 PM INFO Generated control policy is: r16 -> 1 -> r16
11/07/2019 03:59:13 PM INFO Generated control policy is: r19 -> 1 -> r24
11/07/2019 03:59:13 PM INFO Generated control policy is: r24 -> 1 -> r31 -> 1 -> r31 -> 1 -> r31 -> 1 -> r26 -> 1 -> r21 -> 1 -> r15 -> 1 -> r10 -> 1 -> r10 -> 1 -> r10 -> 1 -> r10
11/07/2019 03:59:13 PM INFO Generated control policy is: r21 -> 1 -> r21 -> 1 -> r21 -> 1 -> r28 -> 1 -> r23 -> 1 -> r23 -> 1 -> r23
11/07/2019 03:59:15 PM INFO Generated control policy is: r16 -> 1 -> r16
11/07/2019 03:59:15 PM INFO Generated control policy is: r21 -> 1 -> r21 -> 1 -> r28 -> 1 -> r23 -> 1 -> r23 -> 1 -> r23
11/07/2019 03:59:15 PM INFO Generated control policy is: r19 -> 1 -> r14 -> 1 -> r9 -> 1 -> r10 -> 1 -> r10 -> 1 -> r10 -> 1 -> r10
11/07/2019 03:59:15 PM INFO Max deadline: -2
11/07/2019 03:59:15 PM INFO Generated output word is: [(), (), (), ('r21',), ('r21',), ('r21',), (), (), ('r12',), ('r12',), ('r12',)]
11/07/2019 03:59:15 PM INFO Generated control policy is: Base -> 1 -> r25 -> 1 -> r26 -> 1 -> r21 -> 1 -> r21 -> 1 -> r21 -> 1 -> r14 -> 1 -> r7 -> 1 -> r12 -> 1 -> r12 -> 1 -> r12
11/07/2019 03:59:15 PM INFO Max deadline: 5
11/07/2019 03:59:15 PM INFO Generated output word is: [(), (), ('r21',), ('r21',), ('r21',), (), ('r23',), ('r23',), ('r23',)]
11/07/2019 03:59:15 PM INFO Generated control policy is: Base2 -> 1 -> r28 -> 1 -> r21 -> 1 -> r21 -> 1 -> r21 -> 1 -> r28 -> 1 -> r23 -> 1 -> r23 -> 1 -> r23
11/07/2019 03:59:15 PM INFO Max deadline: 1
11/07/2019 03:59:15 PM INFO Generated output word is: [(), (), (), (), (), ('r31',), ('r31',), ('r31',), (), (), (), ('r10',), ('r10',), ('r10',), ('r10',)]
11/07/2019 03:59:15 PM INFO Generated control policy is: Base3 -> 1 -> r8 -> 1 -> r14 -> 1 -> r21 -> 1 -> r26 -> 1 -> r31 -> 1 -> r31 -> 1 -> r31 -> 1 -> r26 -> 1 -> r21 -> 1 -> r15 -> 1 -> r10 -> 1 -> r10 -> 1 -> r10 -> 1 -> r10
