01/15/2020 10:04:52 PM DEBUG [hold] Prop: r21 Duration: 2 Negation: False Props: set(['r12', 'r21'])
01/15/2020 10:04:52 PM DEBUG [eventually] Low: 0 High: 7 DFA: (Hold 2 r21 )
01/15/2020 10:04:52 PM DEBUG [hold] Prop: r12 Duration: 1 Negation: False Props: set(['r12', 'r21'])
01/15/2020 10:04:52 PM DEBUG [eventually] Low: 0 High: 7 DFA: (Hold 1 r12 )
01/15/2020 10:04:52 PM DEBUG [concatenation] DFA1: (Eventually (Hold 2 r21 ) 0 7 ) DFA2: (Eventually (Hold 1 r12 ) 0 7 )
01/15/2020 10:04:52 PM DEBUG [spec] spec: [H^2 r21]^[0, 7] * [H^1 r12]^[0, 7]
01/15/2020 10:04:52 PM DEBUG [spec] mode: Infinity DFA: 
Name: (Concat (Eventually (Hold 2 r21 ) 0 7 ) (Eventually (Hold 1 r12 ) 0 7 ) )
Directed: True
Multi: False
Props: {'r12': 1, 'r21': 2}
Alphabet: set([0, 1, 2, 3]) 
Initial: [0]
Final: set([5])
Nodes: [(0, {}), (1, {}), (2, {}), (3, {}), (4, {}), (5, {})]
Edges: [(0, 0, {'input': set([0, 1]), 'guard': '(else)', 'weight': 0, 'label': '(else)'}), (0, 1, {'input': set([2, 3]), 'guard': u'r21', 'weight': 0, 'label': u'r21'}), (1, 0, {'input': set([0, 1]), 'guard': '(else)', 'weight': 0, 'label': '(else)'}), (1, 2, {'input': set([2, 3]), 'guard': u'r21', 'weight': 0, 'label': u'r21'}), (2, 0, {'input': set([0, 1]), 'guard': '(else)', 'weight': 0, 'label': '(else)'}), (2, 3, {'input': set([2, 3]), 'guard': u'r21', 'weight': 0, 'label': u'r21'}), (3, 3, {'input': set([0, 2]), 'guard': '(else)', 'weight': 0, 'label': '(else)'}), (3, 4, {'input': set([1, 3]), 'guard': u'r12', 'weight': 0, 'label': u'r12'}), (4, 3, {'input': set([0, 2]), 'guard': '(else)', 'weight': 0, 'label': '(else)'}), (4, 5, {'input': set([1, 3]), 'guard': u'r12', 'weight': 0, 'label': u'r12'})]
		
01/15/2020 10:04:52 PM DEBUG [spec] tree:
 Op: Concatenation Flags[WDF, WWF, UNR]: True True False
 Init: set([0])
 Final: set([5])
 Left:
   Op: Eventually Flags[WDF, WWF, UNR]: True True False
   Init: set([0])
   Final: set([3])
   Left:
     Op: Hold Flags[WDF, WWF, UNR]: True True True
     Init: set([0])
     Final: set([3])
 Right:
   Op: Eventually Flags[WDF, WWF, UNR]: True True False
   Init: set([3])
   Final: set([5])
   Left:
     Op: Hold Flags[WDF, WWF, UNR]: True True True
     Init: set([3])
     Final: set([5])

01/15/2020 10:04:52 PM DEBUG [spec] No of nodes: 6
01/15/2020 10:04:52 PM DEBUG [spec] No of edges: 10
01/15/2020 10:04:52 PM DEBUG 
End of translate


01/15/2020 10:04:52 PM INFO The bound of formula "[H^2 r21]^[0, 7] * [H^1 r12]^[0, 7]" is (4, 15)!
01/15/2020 10:04:52 PM INFO Translated formula "[H^2 r21]^[0, 7] * [H^1 r12]^[0, 7]" to infinity DFA of size (6, 10)!
01/15/2020 10:04:52 PM DEBUG [hold] Prop: r21 Duration: 2 Negation: False Props: set(['r23', 'r21'])
01/15/2020 10:04:52 PM DEBUG [eventually] Low: 0 High: 8 DFA: (Hold 2 r21 )
01/15/2020 10:04:52 PM DEBUG [hold] Prop: r23 Duration: 1 Negation: False Props: set(['r23', 'r21'])
01/15/2020 10:04:52 PM DEBUG [eventually] Low: 0 High: 5 DFA: (Hold 1 r23 )
01/15/2020 10:04:52 PM DEBUG [concatenation] DFA1: (Eventually (Hold 2 r21 ) 0 8 ) DFA2: (Eventually (Hold 1 r23 ) 0 5 )
01/15/2020 10:04:52 PM DEBUG [spec] spec: [H^2 r21]^[0, 8] * [H^1 r23]^[0, 5]
01/15/2020 10:04:52 PM DEBUG [spec] mode: Infinity DFA: 
Name: (Concat (Eventually (Hold 2 r21 ) 0 8 ) (Eventually (Hold 1 r23 ) 0 5 ) )
Directed: True
Multi: False
Props: {'r23': 1, 'r21': 2}
Alphabet: set([0, 1, 2, 3]) 
Initial: [0]
Final: set([5])
Nodes: [(0, {}), (1, {}), (2, {}), (3, {}), (4, {}), (5, {})]
Edges: [(0, 0, {'input': set([0, 1]), 'guard': '(else)', 'weight': 0, 'label': '(else)'}), (0, 1, {'input': set([2, 3]), 'guard': u'r21', 'weight': 0, 'label': u'r21'}), (1, 0, {'input': set([0, 1]), 'guard': '(else)', 'weight': 0, 'label': '(else)'}), (1, 2, {'input': set([2, 3]), 'guard': u'r21', 'weight': 0, 'label': u'r21'}), (2, 0, {'input': set([0, 1]), 'guard': '(else)', 'weight': 0, 'label': '(else)'}), (2, 3, {'input': set([2, 3]), 'guard': u'r21', 'weight': 0, 'label': u'r21'}), (3, 3, {'input': set([0, 2]), 'guard': '(else)', 'weight': 0, 'label': '(else)'}), (3, 4, {'input': set([1, 3]), 'guard': u'r23', 'weight': 0, 'label': u'r23'}), (4, 3, {'input': set([0, 2]), 'guard': '(else)', 'weight': 0, 'label': '(else)'}), (4, 5, {'input': set([1, 3]), 'guard': u'r23', 'weight': 0, 'label': u'r23'})]
		
01/15/2020 10:04:52 PM DEBUG [spec] tree:
 Op: Concatenation Flags[WDF, WWF, UNR]: True True False
 Init: set([0])
 Final: set([5])
 Left:
   Op: Eventually Flags[WDF, WWF, UNR]: True True False
   Init: set([0])
   Final: set([3])
   Left:
     Op: Hold Flags[WDF, WWF, UNR]: True True True
     Init: set([0])
     Final: set([3])
 Right:
   Op: Eventually Flags[WDF, WWF, UNR]: True True False
   Init: set([3])
   Final: set([5])
   Left:
     Op: Hold Flags[WDF, WWF, UNR]: True True True
     Init: set([3])
     Final: set([5])

01/15/2020 10:04:52 PM DEBUG [spec] No of nodes: 6
01/15/2020 10:04:52 PM DEBUG [spec] No of edges: 10
01/15/2020 10:04:52 PM DEBUG 
End of translate


01/15/2020 10:04:52 PM INFO The bound of formula "[H^2 r21]^[0, 8] * [H^1 r23]^[0, 5]" is (4, 14)!
01/15/2020 10:04:52 PM INFO Translated formula "[H^2 r21]^[0, 8] * [H^1 r23]^[0, 5]" to infinity DFA of size (6, 10)!
01/15/2020 10:04:52 PM DEBUG [hold] Prop: r84 Duration: 1 Negation: False Props: set(['Base3', 'r84', 'r98'])
01/15/2020 10:04:52 PM DEBUG [eventually] Low: 0 High: 7 DFA: (Hold 1 r84 )
01/15/2020 10:04:52 PM DEBUG [hold] Prop: r98 Duration: 1 Negation: False Props: set(['Base3', 'r84', 'r98'])
01/15/2020 10:04:52 PM DEBUG [eventually] Low: 0 High: 7 DFA: (Hold 1 r98 )
01/15/2020 10:04:52 PM DEBUG [concatenation] DFA1: (Eventually (Hold 1 r84 ) 0 7 ) DFA2: (Eventually (Hold 1 r98 ) 0 7 )
01/15/2020 10:04:52 PM DEBUG [hold] Prop: Base3 Duration: 1 Negation: False Props: set(['Base3', 'r84', 'r98'])
01/15/2020 10:04:52 PM DEBUG [eventually] Low: 0 High: 7 DFA: (Hold 1 Base3 )
01/15/2020 10:04:52 PM DEBUG [concatenation] DFA1: (Concat (Eventually (Hold 1 r84 ) 0 7 ) (Eventually (Hold 1 r98 ) 0 7 ) ) DFA2: (Eventually (Hold 1 Base3 ) 0 7 )
01/15/2020 10:04:52 PM DEBUG [spec] spec: [H^1 r84]^[0, 7] * [H^1 r98]^[0, 7] * [H^1 Base3]^[0, 7]
01/15/2020 10:04:52 PM DEBUG [spec] mode: Infinity DFA: 
Name: (Concat (Concat (Eventually (Hold 1 r84 ) 0 7 ) (Eventually (Hold 1 r98 ) 0 7 ) ) (Eventually (Hold 1 Base3 ) 0 7 ) )
Directed: True
Multi: False
Props: {'Base3': 1, 'r84': 2, 'r98': 4}
Alphabet: set([0, 1, 2, 3, 4, 5, 6, 7]) 
Initial: [0]
Final: set([6])
Nodes: [(0, {}), (1, {}), (2, {}), (3, {}), (4, {}), (5, {}), (6, {})]
Edges: [(0, 0, {'input': set([0, 1, 4, 5]), 'guard': '(else)', 'weight': 0, 'label': '(else)'}), (0, 1, {'input': set([2, 3, 6, 7]), 'guard': u'r84', 'weight': 0, 'label': u'r84'}), (1, 0, {'input': set([0, 1, 4, 5]), 'guard': '(else)', 'weight': 0, 'label': '(else)'}), (1, 2, {'input': set([2, 3, 6, 7]), 'guard': u'r84', 'weight': 0, 'label': u'r84'}), (2, 2, {'input': set([0, 1, 2, 3]), 'guard': '(else)', 'weight': 0, 'label': '(else)'}), (2, 3, {'input': set([4, 5, 6, 7]), 'guard': u'r98', 'weight': 0, 'label': u'r98'}), (3, 2, {'input': set([0, 1, 2, 3]), 'guard': '(else)', 'weight': 0, 'label': '(else)'}), (3, 4, {'input': set([4, 5, 6, 7]), 'guard': u'r98', 'weight': 0, 'label': u'r98'}), (4, 4, {'input': set([0, 2, 4, 6]), 'guard': '(else)', 'weight': 0, 'label': '(else)'}), (4, 5, {'input': set([1, 3, 5, 7]), 'guard': u'Base3', 'weight': 0, 'label': u'Base3'}), (5, 4, {'input': set([0, 2, 4, 6]), 'guard': '(else)', 'weight': 0, 'label': '(else)'}), (5, 6, {'input': set([1, 3, 5, 7]), 'guard': u'Base3', 'weight': 0, 'label': u'Base3'})]
		
01/15/2020 10:04:52 PM DEBUG [spec] tree:
 Op: Concatenation Flags[WDF, WWF, UNR]: True True False
 Init: set([0])
 Final: set([6])
 Left:
   Op: Concatenation Flags[WDF, WWF, UNR]: True True False
   Init: set([0])
   Final: set([4])
   Left:
     Op: Eventually Flags[WDF, WWF, UNR]: True True False
     Init: set([0])
     Final: set([2])
     Left:
       Op: Hold Flags[WDF, WWF, UNR]: True True True
       Init: set([0])
       Final: set([2])
   Right:
     Op: Eventually Flags[WDF, WWF, UNR]: True True False
     Init: set([2])
     Final: set([4])
     Left:
       Op: Hold Flags[WDF, WWF, UNR]: True True True
       Init: set([2])
       Final: set([4])
 Right:
   Op: Eventually Flags[WDF, WWF, UNR]: True True False
   Init: set([4])
   Final: set([6])
   Left:
     Op: Hold Flags[WDF, WWF, UNR]: True True True
     Init: set([4])
     Final: set([6])

01/15/2020 10:04:52 PM DEBUG [spec] No of nodes: 7
01/15/2020 10:04:52 PM DEBUG [spec] No of edges: 12
01/15/2020 10:04:52 PM DEBUG 
End of translate


01/15/2020 10:04:52 PM INFO The bound of formula "[H^1 r84]^[0, 7] * [H^1 r98]^[0, 7] * [H^1 Base3]^[0, 7]" is (5, 23)!
01/15/2020 10:04:52 PM INFO Translated formula "[H^1 r84]^[0, 7] * [H^1 r98]^[0, 7] * [H^1 Base3]^[0, 7]" to infinity DFA of size (7, 12)!
01/15/2020 10:04:52 PM DEBUG [hold] Prop: r53 Duration: 2 Negation: False Props: set(['r53', 'Base4', 'r86'])
01/15/2020 10:04:52 PM DEBUG [eventually] Low: 0 High: 6 DFA: (Hold 2 r53 )
01/15/2020 10:04:52 PM DEBUG [hold] Prop: r86 Duration: 1 Negation: False Props: set(['r53', 'Base4', 'r86'])
01/15/2020 10:04:52 PM DEBUG [eventually] Low: 0 High: 7 DFA: (Hold 1 r86 )
01/15/2020 10:04:52 PM DEBUG [concatenation] DFA1: (Eventually (Hold 2 r53 ) 0 6 ) DFA2: (Eventually (Hold 1 r86 ) 0 7 )
01/15/2020 10:04:52 PM DEBUG [hold] Prop: Base4 Duration: 1 Negation: False Props: set(['r53', 'Base4', 'r86'])
01/15/2020 10:04:52 PM DEBUG [eventually] Low: 0 High: 7 DFA: (Hold 1 Base4 )
01/15/2020 10:04:52 PM DEBUG [concatenation] DFA1: (Concat (Eventually (Hold 2 r53 ) 0 6 ) (Eventually (Hold 1 r86 ) 0 7 ) ) DFA2: (Eventually (Hold 1 Base4 ) 0 7 )
01/15/2020 10:04:52 PM DEBUG [spec] spec: [H^2 r53]^[0, 6] * [H^1 r86]^[0, 7] * [H^1 Base4]^[0, 7]
01/15/2020 10:04:52 PM DEBUG [spec] mode: Infinity DFA: 
Name: (Concat (Concat (Eventually (Hold 2 r53 ) 0 6 ) (Eventually (Hold 1 r86 ) 0 7 ) ) (Eventually (Hold 1 Base4 ) 0 7 ) )
Directed: True
Multi: False
Props: {'r53': 1, 'Base4': 2, 'r86': 4}
Alphabet: set([0, 1, 2, 3, 4, 5, 6, 7]) 
Initial: [0]
Final: set([7])
Nodes: [(0, {}), (1, {}), (2, {}), (3, {}), (4, {}), (5, {}), (6, {}), (7, {})]
Edges: [(0, 0, {'input': set([0, 2, 4, 6]), 'guard': '(else)', 'weight': 0, 'label': '(else)'}), (0, 1, {'input': set([1, 3, 5, 7]), 'guard': u'r53', 'weight': 0, 'label': u'r53'}), (1, 0, {'input': set([0, 2, 4, 6]), 'guard': '(else)', 'weight': 0, 'label': '(else)'}), (1, 2, {'input': set([1, 3, 5, 7]), 'guard': u'r53', 'weight': 0, 'label': u'r53'}), (2, 0, {'input': set([0, 2, 4, 6]), 'guard': '(else)', 'weight': 0, 'label': '(else)'}), (2, 3, {'input': set([1, 3, 5, 7]), 'guard': u'r53', 'weight': 0, 'label': u'r53'}), (3, 3, {'input': set([0, 1, 2, 3]), 'guard': '(else)', 'weight': 0, 'label': '(else)'}), (3, 4, {'input': set([4, 5, 6, 7]), 'guard': u'r86', 'weight': 0, 'label': u'r86'}), (4, 3, {'input': set([0, 1, 2, 3]), 'guard': '(else)', 'weight': 0, 'label': '(else)'}), (4, 5, {'input': set([4, 5, 6, 7]), 'guard': u'r86', 'weight': 0, 'label': u'r86'}), (5, 5, {'input': set([0, 1, 4, 5]), 'guard': '(else)', 'weight': 0, 'label': '(else)'}), (5, 6, {'input': set([2, 3, 6, 7]), 'guard': u'Base4', 'weight': 0, 'label': u'Base4'}), (6, 5, {'input': set([0, 1, 4, 5]), 'guard': '(else)', 'weight': 0, 'label': '(else)'}), (6, 7, {'input': set([2, 3, 6, 7]), 'guard': u'Base4', 'weight': 0, 'label': u'Base4'})]
		
01/15/2020 10:04:52 PM DEBUG [spec] tree:
 Op: Concatenation Flags[WDF, WWF, UNR]: True True False
 Init: set([0])
 Final: set([7])
 Left:
   Op: Concatenation Flags[WDF, WWF, UNR]: True True False
   Init: set([0])
   Final: set([5])
   Left:
     Op: Eventually Flags[WDF, WWF, UNR]: True True False
     Init: set([0])
     Final: set([3])
     Left:
       Op: Hold Flags[WDF, WWF, UNR]: True True True
       Init: set([0])
       Final: set([3])
   Right:
     Op: Eventually Flags[WDF, WWF, UNR]: True True False
     Init: set([3])
     Final: set([5])
     Left:
       Op: Hold Flags[WDF, WWF, UNR]: True True True
       Init: set([3])
       Final: set([5])
 Right:
   Op: Eventually Flags[WDF, WWF, UNR]: True True False
   Init: set([5])
   Final: set([7])
   Left:
     Op: Hold Flags[WDF, WWF, UNR]: True True True
     Init: set([5])
     Final: set([7])

01/15/2020 10:04:52 PM DEBUG [spec] No of nodes: 8
01/15/2020 10:04:52 PM DEBUG [spec] No of edges: 14
01/15/2020 10:04:52 PM DEBUG 
End of translate


01/15/2020 10:04:52 PM INFO The bound of formula "[H^2 r53]^[0, 6] * [H^1 r86]^[0, 7] * [H^1 Base4]^[0, 7]" is (6, 22)!
01/15/2020 10:04:52 PM INFO Translated formula "[H^2 r53]^[0, 6] * [H^1 r86]^[0, 7] * [H^1 Base4]^[0, 7]" to infinity DFA of size (8, 14)!
01/15/2020 10:04:52 PM DEBUG [hold] Prop: r105 Duration: 2 Negation: False Props: set(['r98', 'r105', 'Base5'])
01/15/2020 10:04:52 PM DEBUG [eventually] Low: 0 High: 8 DFA: (Hold 2 r105 )
01/15/2020 10:04:52 PM DEBUG [hold] Prop: r98 Duration: 1 Negation: False Props: set(['r98', 'r105', 'Base5'])
01/15/2020 10:04:52 PM DEBUG [eventually] Low: 0 High: 8 DFA: (Hold 1 r98 )
01/15/2020 10:04:52 PM DEBUG [concatenation] DFA1: (Eventually (Hold 2 r105 ) 0 8 ) DFA2: (Eventually (Hold 1 r98 ) 0 8 )
01/15/2020 10:04:52 PM DEBUG [hold] Prop: Base5 Duration: 1 Negation: False Props: set(['r98', 'r105', 'Base5'])
01/15/2020 10:04:52 PM DEBUG [eventually] Low: 0 High: 8 DFA: (Hold 1 Base5 )
01/15/2020 10:04:52 PM DEBUG [concatenation] DFA1: (Concat (Eventually (Hold 2 r105 ) 0 8 ) (Eventually (Hold 1 r98 ) 0 8 ) ) DFA2: (Eventually (Hold 1 Base5 ) 0 8 )
01/15/2020 10:04:52 PM DEBUG [spec] spec: [H^2 r105]^[0, 8] * [H^1 r98]^[0, 8] * [H^1 Base5]^[0, 8]
01/15/2020 10:04:52 PM DEBUG [spec] mode: Infinity DFA: 
Name: (Concat (Concat (Eventually (Hold 2 r105 ) 0 8 ) (Eventually (Hold 1 r98 ) 0 8 ) ) (Eventually (Hold 1 Base5 ) 0 8 ) )
Directed: True
Multi: False
Props: {'r98': 1, 'r105': 2, 'Base5': 4}
Alphabet: set([0, 1, 2, 3, 4, 5, 6, 7]) 
Initial: [0]
Final: set([7])
Nodes: [(0, {}), (1, {}), (2, {}), (3, {}), (4, {}), (5, {}), (6, {}), (7, {})]
Edges: [(0, 0, {'input': set([0, 1, 4, 5]), 'guard': '(else)', 'weight': 0, 'label': '(else)'}), (0, 1, {'input': set([2, 3, 6, 7]), 'guard': u'r105', 'weight': 0, 'label': u'r105'}), (1, 0, {'input': set([0, 1, 4, 5]), 'guard': '(else)', 'weight': 0, 'label': '(else)'}), (1, 2, {'input': set([2, 3, 6, 7]), 'guard': u'r105', 'weight': 0, 'label': u'r105'}), (2, 0, {'input': set([0, 1, 4, 5]), 'guard': '(else)', 'weight': 0, 'label': '(else)'}), (2, 3, {'input': set([2, 3, 6, 7]), 'guard': u'r105', 'weight': 0, 'label': u'r105'}), (3, 3, {'input': set([0, 2, 4, 6]), 'guard': '(else)', 'weight': 0, 'label': '(else)'}), (3, 4, {'input': set([1, 3, 5, 7]), 'guard': u'r98', 'weight': 0, 'label': u'r98'}), (4, 3, {'input': set([0, 2, 4, 6]), 'guard': '(else)', 'weight': 0, 'label': '(else)'}), (4, 5, {'input': set([1, 3, 5, 7]), 'guard': u'r98', 'weight': 0, 'label': u'r98'}), (5, 5, {'input': set([0, 1, 2, 3]), 'guard': '(else)', 'weight': 0, 'label': '(else)'}), (5, 6, {'input': set([4, 5, 6, 7]), 'guard': u'Base5', 'weight': 0, 'label': u'Base5'}), (6, 5, {'input': set([0, 1, 2, 3]), 'guard': '(else)', 'weight': 0, 'label': '(else)'}), (6, 7, {'input': set([4, 5, 6, 7]), 'guard': u'Base5', 'weight': 0, 'label': u'Base5'})]
		
01/15/2020 10:04:52 PM DEBUG [spec] tree:
 Op: Concatenation Flags[WDF, WWF, UNR]: True True False
 Init: set([0])
 Final: set([7])
 Left:
   Op: Concatenation Flags[WDF, WWF, UNR]: True True False
   Init: set([0])
   Final: set([5])
   Left:
     Op: Eventually Flags[WDF, WWF, UNR]: True True False
     Init: set([0])
     Final: set([3])
     Left:
       Op: Hold Flags[WDF, WWF, UNR]: True True True
       Init: set([0])
       Final: set([3])
   Right:
     Op: Eventually Flags[WDF, WWF, UNR]: True True False
     Init: set([3])
     Final: set([5])
     Left:
       Op: Hold Flags[WDF, WWF, UNR]: True True True
       Init: set([3])
       Final: set([5])
 Right:
   Op: Eventually Flags[WDF, WWF, UNR]: True True False
   Init: set([5])
   Final: set([7])
   Left:
     Op: Hold Flags[WDF, WWF, UNR]: True True True
     Init: set([5])
     Final: set([7])

01/15/2020 10:04:52 PM DEBUG [spec] No of nodes: 8
01/15/2020 10:04:52 PM DEBUG [spec] No of edges: 14
01/15/2020 10:04:52 PM DEBUG 
End of translate


01/15/2020 10:04:52 PM INFO The bound of formula "[H^2 r105]^[0, 8] * [H^1 r98]^[0, 8] * [H^1 Base5]^[0, 8]" is (6, 26)!
01/15/2020 10:04:52 PM INFO Translated formula "[H^2 r105]^[0, 8] * [H^1 r98]^[0, 8] * [H^1 Base5]^[0, 8]" to infinity DFA of size (8, 14)!
01/15/2020 10:04:52 PM DEBUG 

Start policy computation

01/15/2020 10:04:52 PM DEBUG [extend_ts] TS: (103, 1627) ETS:(103, 1627)
01/15/2020 10:04:52 PM DEBUG [extend_ts] TS: (103, 1627) ETS:(103, 1627)
01/15/2020 10:04:52 PM DEBUG [extend_ts] TS: (103, 1627) ETS:(103, 1627)
01/15/2020 10:04:53 PM DEBUG [extend_ts] TS: (103, 1627) ETS:(103, 1627)
01/15/2020 10:04:53 PM DEBUG [extend_ts] TS: (103, 1627) ETS:(103, 1627)
01/15/2020 10:04:53 PM INFO Constructing product automaton with infinity DFA!
01/15/2020 10:04:53 PM INFO Product automaton size is: (208, 3270)
01/15/2020 10:04:53 PM INFO Constructing product automaton with infinity DFA!
01/15/2020 10:04:53 PM INFO Product automaton size is: (208, 3270)
01/15/2020 10:04:53 PM INFO Constructing product automaton with infinity DFA!
01/15/2020 10:04:53 PM INFO Product automaton size is: (310, 4881)
01/15/2020 10:04:53 PM INFO Constructing product automaton with infinity DFA!
01/15/2020 10:04:53 PM INFO Product automaton size is: (311, 4898)
01/15/2020 10:04:53 PM INFO Constructing product automaton with infinity DFA!
01/15/2020 10:04:53 PM INFO Product automaton size is: (311, 4892)
01/15/2020 10:04:58 PM INFO Generated control policy is: r49 -> 1 -> r92 -> 1 -> r99
01/15/2020 10:04:58 PM INFO Generated control policy is: r42 -> 1 -> r84 -> 1 -> r84
01/15/2020 10:04:58 PM INFO Generated control policy is: r47 -> 1 -> r53 -> 1 -> r53
01/15/2020 10:04:58 PM INFO Generated control policy is: r25 -> 1 -> r26 -> 1 -> r21
01/15/2020 10:04:58 PM INFO Generated control policy is: r27 -> 1 -> r21 -> 1 -> r21
01/15/2020 10:04:58 PM INFO Generated control policy is: r84 -> 1 -> r84 -> 1 -> r91
01/15/2020 10:04:58 PM INFO Generated control policy is: r53 -> 1 -> r53 -> 1 -> r53
01/15/2020 10:04:58 PM INFO Generated control policy is: r21 -> 1 -> r21 -> 1 -> r21
01/15/2020 10:04:58 PM INFO Generated control policy is: r92 -> 1 -> r99 -> 1 -> r105
01/15/2020 10:04:58 PM INFO Generated control policy is: r26 -> 1 -> r21 -> 1 -> r21
01/15/2020 10:04:58 PM INFO Generated control policy is: r84 -> 1 -> r91 -> 1 -> r98
01/15/2020 10:04:58 PM INFO Generated control policy is: r53 -> 1 -> r53 -> 1 -> r88
01/15/2020 10:04:58 PM INFO Generated control policy is: r21 -> 1 -> r21 -> 1 -> r22
01/15/2020 10:04:58 PM INFO Generated control policy is: r27 -> 1 -> r21 -> 1 -> r21
01/15/2020 10:04:58 PM INFO Generated control policy is: r99 -> 1 -> r105 -> 1 -> r105
01/15/2020 10:04:58 PM INFO Generated control policy is: r53 -> 1 -> r88 -> 1 -> r87
01/15/2020 10:04:58 PM INFO Generated control policy is: r21 -> 1 -> r22 -> 1 -> r23
01/15/2020 10:04:58 PM INFO Generated control policy is: r27 -> 1 -> r21 -> 1 -> r21
01/15/2020 10:04:58 PM INFO Generated control policy is: r105 -> 1 -> r105 -> 1 -> r105
01/15/2020 10:04:58 PM INFO Generated control policy is: r91 -> 1 -> r98 -> 1 -> r98
01/15/2020 10:04:58 PM INFO Generated control policy is: r21 -> 1 -> r21 -> 1 -> r21
01/15/2020 10:04:59 PM INFO Generated control policy is: r105 -> 1 -> r105 -> 1 -> r98
01/15/2020 10:04:59 PM INFO Generated control policy is: r98 -> 1 -> r98 -> 1 -> r55
01/15/2020 10:04:59 PM INFO Generated control policy is: r88 -> 1 -> r87 -> 1 -> r86
01/15/2020 10:04:59 PM INFO Generated control policy is: r22 -> 1 -> r23 -> 1 -> r23
01/15/2020 10:04:59 PM INFO Generated control policy is: r21 -> 1 -> r21 -> 1 -> r14
01/15/2020 10:04:59 PM INFO Generated control policy is: r105 -> 1 -> r98 -> 1 -> r98
01/15/2020 10:04:59 PM INFO Generated control policy is: r98 -> 1 -> r55 -> 1 -> r13
01/15/2020 10:04:59 PM INFO Generated control policy is: r23 -> 1 -> r23
01/15/2020 10:04:59 PM INFO Generated control policy is: r87 -> 1 -> r86 -> 1 -> r86
01/15/2020 10:04:59 PM INFO Generated control policy is: r21 -> 1 -> r14 -> 1 -> r13
01/15/2020 10:04:59 PM INFO Generated control policy is: r98 -> 1 -> r98 -> 1 -> r55
01/15/2020 10:04:59 PM INFO Generated control policy is: r23
01/15/2020 10:04:59 PM INFO Generated control policy is: r86 -> 1 -> r86 -> 1 -> r45
01/15/2020 10:04:59 PM INFO Generated control policy is: r55 -> 1 -> r13 -> 1 -> r7
01/15/2020 10:04:59 PM INFO Generated control policy is: r98 -> 1 -> r55 -> 1 -> r12
01/15/2020 10:04:59 PM INFO Generated control policy is: r86 -> 1 -> r45 -> 1 -> Base4
01/15/2020 10:04:59 PM INFO Generated control policy is: r14 -> 1 -> r7 -> 1 -> Base3
01/15/2020 10:04:59 PM INFO Generated control policy is: r14 -> 1 -> r13 -> 1 -> r12
01/15/2020 10:04:59 PM INFO Generated control policy is: r55 -> 1 -> r12 -> 1 -> Base5
01/15/2020 10:04:59 PM INFO Generated control policy is: r45 -> 1 -> Base4 -> 1 -> Base4
01/15/2020 10:04:59 PM INFO Generated control policy is: r8 -> 1 -> Base3 -> 1 -> Base3
01/15/2020 10:04:59 PM INFO Generated control policy is: r13 -> 1 -> r12 -> 1 -> r12
01/15/2020 10:04:59 PM INFO Generated control policy is: Base4 -> 1 -> Base4
01/15/2020 10:04:59 PM INFO Generated control policy is: Base3 -> 1 -> Base3
01/15/2020 10:04:59 PM INFO Generated control policy is: r13 -> 1 -> r12 -> 1 -> r12
01/15/2020 10:04:59 PM INFO Generated control policy is: r13 -> 1 -> Base5 -> 1 -> Base5
01/15/2020 10:04:59 PM INFO Generated control policy is: Base4
01/15/2020 10:04:59 PM INFO Generated control policy is: Base3
01/15/2020 10:04:59 PM INFO Generated control policy is: r13 -> 1 -> r12 -> 1 -> r12
01/15/2020 10:04:59 PM INFO Generated control policy is: Base5 -> 1 -> Base5
01/15/2020 10:04:59 PM INFO Generated control policy is: r12 -> 1 -> r12
01/15/2020 10:04:59 PM INFO Generated control policy is: Base5
01/15/2020 10:04:59 PM INFO Generated control policy is: r12
01/15/2020 10:04:59 PM INFO Max deadline: 2
01/15/2020 10:04:59 PM INFO Generated control policy is: Base -> 1 -> r31 -> 1 -> r26 -> 1 -> r21 -> 1 -> r21 -> 1 -> r21 -> 1 -> r14 -> 1 -> r13 -> 1 -> r12 -> 1 -> r12
01/15/2020 10:04:59 PM INFO Max deadline: -3
01/15/2020 10:04:59 PM INFO Generated control policy is: Base2 -> 1 -> r28 -> 1 -> r21 -> 1 -> r21 -> 1 -> r21 -> 1 -> r22 -> 1 -> r23 -> 1 -> r23
01/15/2020 10:04:59 PM INFO Max deadline: -3
01/15/2020 10:04:59 PM INFO Generated control policy is: Base3 -> 1 -> r43 -> 1 -> r84 -> 1 -> r84 -> 1 -> r91 -> 1 -> r98 -> 1 -> r98 -> 1 -> r92 -> 1 -> r86 -> 1 -> r44 -> 1 -> Base3 -> 1 -> Base3
01/15/2020 10:04:59 PM INFO Max deadline: -2
01/15/2020 10:04:59 PM INFO Generated control policy is: Base4 -> 1 -> r10 -> 1 -> r53 -> 1 -> r53 -> 1 -> r53 -> 1 -> r88 -> 1 -> r87 -> 1 -> r86 -> 1 -> r86 -> 1 -> r45 -> 1 -> Base4 -> 1 -> Base4
01/15/2020 10:04:59 PM INFO Max deadline: -2
01/15/2020 10:04:59 PM INFO Generated control policy is: Base5 -> 1 -> r12 -> 1 -> r19 -> 1 -> r62 -> 1 -> r105 -> 1 -> r105 -> 1 -> r105 -> 1 -> r98 -> 1 -> r98 -> 1 -> r55 -> 1 -> r12 -> 1 -> Base5 -> 1 -> Base5
