INFO lomap.classes.timer - IJRR 2013 Case-Study 4 started.
INFO __main__ - Formula: []<>gather && [](gather->(r1gather4 && r2gather2)) && [](r1gather -> X(!r1gather U r1upload)) && [](r2gather -> X(!r2gather U r2upload))
INFO __main__ - opt_prop: set(['r2gather2', 'r1gather4'])
INFO lomap.algorithms.optimal_run - T has 2444 states
INFO lomap.algorithms.optimal_run - B has 12 states
INFO lomap.algorithms.optimal_run - P has 15050 states
INFO lomap.algorithms.optimal_run - Set F has 616 states
INFO lomap.algorithms.optimal_run - Set S has 2 states
INFO pp - Creating server instance (pp-1.6.5)
INFO pp - Running on Python 2.7.12 linux2
INFO pp - pp local server started with 8 workers
INFO lomap.algorithms.optimal_run - S->S+F
INFO pp - Task 0 started
INFO pp - Task 1 started
INFO lomap.algorithms.optimal_run - Served dataset 0 to ('127.0.0.1', 33960)
INFO lomap.algorithms.optimal_run - Served dataset 0 to ('127.0.0.1', 33962)
INFO lomap.algorithms.optimal_run - Collected results for S->S+F
INFO lomap.algorithms.optimal_run - F->S
INFO pp - Task 2 started
INFO pp - Task 3 started
INFO pp - Task 4 started
INFO pp - Task 5 started
INFO pp - Task 6 started
INFO pp - Task 7 started
INFO pp - Task 8 started
INFO lomap.algorithms.optimal_run - Served dataset 1 to ('127.0.0.1', 33966)
INFO pp - Task 9 started
INFO lomap.algorithms.optimal_run - Served dataset 1 to ('127.0.0.1', 33978)
INFO lomap.algorithms.optimal_run - Served dataset 1 to ('127.0.0.1', 33984)
INFO lomap.algorithms.optimal_run - Served dataset 1 to ('127.0.0.1', 33986)
INFO lomap.algorithms.optimal_run - Served dataset 1 to ('127.0.0.1', 33988)
INFO lomap.algorithms.optimal_run - Served dataset 1 to ('127.0.0.1', 33992)
INFO lomap.algorithms.optimal_run - Served dataset 1 to ('127.0.0.1', 33994)
INFO lomap.algorithms.optimal_run - Served dataset 1 to ('127.0.0.1', 33996)
INFO pp - Task 10 started
INFO pp - Task 11 started
INFO pp - Task 12 started
INFO pp - Task 13 started
INFO pp - Task 14 started
INFO pp - Task 15 started
INFO pp - Task 16 started
INFO pp - Task 17 started
INFO pp - Task 18 started
INFO pp - Task 19 started
INFO pp - Task 20 started
INFO pp - Task 21 started
INFO pp - Task 22 started
INFO pp - Task 23 started
INFO pp - Task 24 started
INFO pp - Task 25 started
INFO pp - Task 26 started
INFO pp - Task 27 started
INFO pp - Task 28 started
INFO pp - Task 29 started
INFO pp - Task 30 started
INFO pp - Task 31 started
INFO pp - Task 32 started
INFO pp - Task 33 started
INFO pp - Task 34 started
INFO pp - Task 35 started
INFO pp - Task 36 started
INFO pp - Task 37 started
INFO pp - Task 38 started
INFO pp - Task 39 started
INFO pp - Task 40 started
INFO pp - Task 41 started
INFO pp - Task 42 started
INFO pp - Task 43 started
INFO pp - Task 44 started
INFO pp - Task 45 started
INFO pp - Task 46 started
INFO pp - Task 47 started
INFO pp - Task 48 started
INFO pp - Task 49 started
INFO pp - Task 50 started
INFO pp - Task 51 started
INFO pp - Task 52 started
INFO pp - Task 53 started
INFO pp - Task 54 started
INFO pp - Task 55 started
INFO pp - Task 56 started
INFO pp - Task 57 started
INFO pp - Task 58 started
INFO pp - Task 59 started
INFO pp - Task 60 started
INFO pp - Task 61 started
INFO pp - Task 62 started
INFO pp - Task 63 started
INFO pp - Task 64 started
INFO pp - Task 65 started
INFO pp - Task 66 started
INFO pp - Task 67 started
INFO pp - Task 68 started
INFO pp - Task 69 started
INFO pp - Task 70 started
INFO pp - Task 71 started
INFO pp - Task 72 started
INFO pp - Task 73 started
INFO pp - Task 74 started
INFO pp - Task 75 started
INFO pp - Task 76 started
INFO pp - Task 77 started
INFO pp - Task 78 started
INFO pp - Task 79 started
INFO pp - Task 80 started
INFO pp - Task 81 started
INFO pp - Task 82 started
INFO pp - Task 83 started
INFO pp - Task 84 started
INFO pp - Task 85 started
INFO pp - Task 86 started
INFO pp - Task 87 started
INFO pp - Task 88 started
INFO pp - Task 89 started
INFO pp - Task 90 started
INFO pp - Task 91 started
INFO pp - Task 92 started
INFO pp - Task 93 started
INFO pp - Task 94 started
INFO pp - Task 95 started
INFO pp - Task 96 started
INFO pp - Task 97 started
INFO pp - Task 98 started
INFO pp - Task 99 started
INFO pp - Task 100 started
INFO pp - Task 101 started
INFO pp - Task 102 started
INFO pp - Task 103 started
INFO pp - Task 104 started
INFO pp - Task 105 started
INFO pp - Task 106 started
INFO pp - Task 107 started
INFO pp - Task 108 started
INFO pp - Task 109 started
INFO pp - Task 110 started
INFO pp - Task 111 started
INFO pp - Task 112 started
INFO pp - Task 113 started
INFO pp - Task 114 started
INFO pp - Task 115 started
INFO pp - Task 116 started
INFO pp - Task 117 started
INFO pp - Task 118 started
INFO pp - Task 119 started
INFO pp - Task 120 started
INFO pp - Task 121 started
INFO pp - Task 122 started
INFO pp - Task 123 started
INFO pp - Task 124 started
INFO pp - Task 125 started
INFO pp - Task 126 started
INFO pp - Task 127 started
INFO pp - Task 128 started
INFO pp - Task 129 started
INFO pp - Task 130 started
INFO pp - Task 131 started
INFO pp - Task 132 started
INFO pp - Task 133 started
INFO pp - Task 134 started
INFO pp - Task 135 started
INFO pp - Task 136 started
INFO pp - Task 137 started
INFO pp - Task 138 started
INFO pp - Task 139 started
INFO pp - Task 140 started
INFO pp - Task 141 started
INFO pp - Task 142 started
INFO pp - Task 143 started
INFO pp - Task 144 started
INFO pp - Task 145 started
INFO pp - Task 146 started
INFO pp - Task 147 started
INFO pp - Task 148 started
INFO pp - Task 149 started
INFO pp - Task 150 started
INFO pp - Task 151 started
INFO pp - Task 152 started
INFO pp - Task 153 started
INFO pp - Task 154 started
INFO pp - Task 155 started
INFO pp - Task 156 started
INFO pp - Task 157 started
INFO pp - Task 158 started
INFO pp - Task 159 started
INFO pp - Task 160 started
INFO pp - Task 161 started
INFO pp - Task 162 started
INFO pp - Task 163 started
INFO pp - Task 164 started
INFO pp - Task 165 started
INFO pp - Task 166 started
INFO pp - Task 167 started
INFO pp - Task 168 started
INFO pp - Task 169 started
INFO pp - Task 170 started
INFO pp - Task 171 started
INFO pp - Task 172 started
INFO pp - Task 173 started
INFO pp - Task 174 started
INFO pp - Task 175 started
INFO pp - Task 176 started
INFO pp - Task 177 started
INFO pp - Task 178 started
INFO pp - Task 179 started
INFO pp - Task 180 started
INFO pp - Task 181 started
INFO pp - Task 182 started
INFO pp - Task 183 started
INFO pp - Task 184 started
INFO pp - Task 185 started
INFO pp - Task 186 started
INFO pp - Task 187 started
INFO pp - Task 188 started
INFO pp - Task 189 started
INFO pp - Task 190 started
INFO pp - Task 191 started
INFO pp - Task 192 started
INFO pp - Task 193 started
INFO pp - Task 194 started
INFO pp - Task 195 started
INFO pp - Task 196 started
INFO pp - Task 197 started
INFO pp - Task 198 started
INFO pp - Task 199 started
INFO pp - Task 200 started
INFO pp - Task 201 started
INFO pp - Task 202 started
INFO pp - Task 203 started
INFO pp - Task 204 started
INFO pp - Task 205 started
INFO pp - Task 206 started
INFO pp - Task 207 started
INFO pp - Task 208 started
INFO pp - Task 209 started
INFO pp - Task 210 started
INFO pp - Task 211 started
INFO pp - Task 212 started
INFO pp - Task 213 started
INFO pp - Task 214 started
INFO pp - Task 215 started
INFO pp - Task 216 started
INFO pp - Task 217 started
INFO pp - Task 218 started
INFO pp - Task 219 started
INFO pp - Task 220 started
INFO pp - Task 221 started
INFO pp - Task 222 started
INFO pp - Task 223 started
INFO pp - Task 224 started
INFO pp - Task 225 started
INFO pp - Task 226 started
INFO pp - Task 227 started
INFO pp - Task 228 started
INFO pp - Task 229 started
INFO pp - Task 230 started
INFO pp - Task 231 started
INFO pp - Task 232 started
INFO pp - Task 233 started
INFO pp - Task 234 started
INFO pp - Task 235 started
INFO pp - Task 236 started
INFO pp - Task 237 started
INFO pp - Task 238 started
INFO pp - Task 239 started
INFO pp - Task 240 started
INFO pp - Task 241 started
INFO pp - Task 242 started
INFO pp - Task 243 started
INFO pp - Task 244 started
INFO pp - Task 245 started
INFO pp - Task 246 started
INFO pp - Task 247 started
INFO pp - Task 248 started
INFO pp - Task 249 started
INFO pp - Task 250 started
INFO pp - Task 251 started
INFO pp - Task 252 started
INFO pp - Task 253 started
INFO pp - Task 254 started
INFO pp - Task 255 started
INFO pp - Task 256 started
INFO pp - Task 257 started
INFO pp - Task 258 started
INFO pp - Task 259 started
INFO pp - Task 260 started
INFO pp - Task 261 started
INFO pp - Task 262 started
INFO pp - Task 263 started
INFO pp - Task 264 started
INFO pp - Task 265 started
INFO pp - Task 266 started
INFO pp - Task 267 started
INFO pp - Task 268 started
INFO pp - Task 269 started
INFO pp - Task 270 started
INFO pp - Task 271 started
INFO pp - Task 272 started
INFO pp - Task 273 started
INFO pp - Task 274 started
INFO pp - Task 275 started
INFO pp - Task 276 started
INFO pp - Task 277 started
INFO pp - Task 278 started
INFO pp - Task 279 started
INFO pp - Task 280 started
INFO pp - Task 281 started
INFO pp - Task 282 started
INFO pp - Task 283 started
INFO pp - Task 284 started
INFO pp - Task 285 started
INFO pp - Task 286 started
INFO pp - Task 287 started
INFO pp - Task 288 started
INFO pp - Task 289 started
INFO pp - Task 290 started
INFO pp - Task 291 started
INFO pp - Task 292 started
INFO pp - Task 293 started
INFO pp - Task 294 started
INFO pp - Task 295 started
INFO pp - Task 296 started
INFO pp - Task 297 started
INFO pp - Task 298 started
INFO pp - Task 299 started
INFO pp - Task 300 started
INFO pp - Task 301 started
INFO pp - Task 302 started
INFO pp - Task 303 started
INFO pp - Task 304 started
INFO pp - Task 305 started
INFO pp - Task 306 started
INFO pp - Task 307 started
INFO pp - Task 308 started
INFO pp - Task 309 started
INFO pp - Task 310 started
INFO pp - Task 311 started
INFO pp - Task 312 started
INFO pp - Task 313 started
INFO pp - Task 314 started
INFO pp - Task 315 started
INFO pp - Task 316 started
INFO pp - Task 317 started
INFO pp - Task 318 started
INFO pp - Task 319 started
INFO pp - Task 320 started
INFO pp - Task 321 started
INFO pp - Task 322 started
INFO pp - Task 323 started
INFO pp - Task 324 started
INFO pp - Task 325 started
INFO pp - Task 326 started
INFO pp - Task 327 started
INFO pp - Task 328 started
INFO pp - Task 329 started
INFO pp - Task 330 started
INFO pp - Task 331 started
INFO pp - Task 332 started
INFO pp - Task 333 started
INFO pp - Task 334 started
INFO pp - Task 335 started
INFO pp - Task 336 started
INFO pp - Task 337 started
INFO pp - Task 338 started
INFO pp - Task 339 started
INFO pp - Task 340 started
INFO pp - Task 341 started
INFO pp - Task 342 started
INFO pp - Task 343 started
INFO pp - Task 344 started
INFO pp - Task 345 started
INFO pp - Task 346 started
INFO pp - Task 347 started
INFO pp - Task 348 started
INFO pp - Task 349 started
INFO pp - Task 350 started
INFO pp - Task 351 started
INFO pp - Task 352 started
INFO pp - Task 353 started
INFO pp - Task 354 started
INFO pp - Task 355 started
INFO pp - Task 356 started
INFO pp - Task 357 started
INFO pp - Task 358 started
INFO pp - Task 359 started
INFO pp - Task 360 started
INFO pp - Task 361 started
INFO pp - Task 362 started
INFO pp - Task 363 started
INFO pp - Task 364 started
INFO pp - Task 365 started
INFO pp - Task 366 started
INFO pp - Task 367 started
INFO pp - Task 368 started
INFO pp - Task 369 started
INFO pp - Task 370 started
INFO pp - Task 371 started
INFO pp - Task 372 started
INFO pp - Task 373 started
INFO pp - Task 374 started
INFO pp - Task 375 started
INFO pp - Task 376 started
INFO pp - Task 377 started
INFO pp - Task 378 started
INFO pp - Task 379 started
INFO pp - Task 380 started
INFO pp - Task 381 started
INFO pp - Task 382 started
INFO pp - Task 383 started
INFO pp - Task 384 started
INFO pp - Task 385 started
INFO pp - Task 386 started
INFO pp - Task 387 started
INFO pp - Task 388 started
INFO pp - Task 389 started
INFO pp - Task 390 started
INFO pp - Task 391 started
INFO pp - Task 392 started
INFO pp - Task 393 started
INFO pp - Task 394 started
INFO pp - Task 395 started
INFO pp - Task 396 started
INFO pp - Task 397 started
INFO pp - Task 398 started
INFO pp - Task 399 started
INFO pp - Task 400 started
INFO pp - Task 401 started
INFO pp - Task 402 started
INFO pp - Task 403 started
INFO pp - Task 404 started
INFO pp - Task 405 started
INFO pp - Task 406 started
INFO pp - Task 407 started
INFO pp - Task 408 started
INFO pp - Task 409 started
INFO pp - Task 410 started
INFO pp - Task 411 started
INFO pp - Task 412 started
INFO pp - Task 413 started
INFO pp - Task 414 started
INFO pp - Task 415 started
INFO pp - Task 416 started
INFO pp - Task 417 started
INFO pp - Task 418 started
INFO pp - Task 419 started
INFO pp - Task 420 started
INFO pp - Task 421 started
INFO pp - Task 422 started
INFO pp - Task 423 started
INFO pp - Task 424 started
INFO pp - Task 425 started
INFO pp - Task 426 started
INFO pp - Task 427 started
INFO pp - Task 428 started
INFO pp - Task 429 started
INFO pp - Task 430 started
INFO pp - Task 431 started
INFO pp - Task 432 started
INFO pp - Task 433 started
INFO pp - Task 434 started
INFO pp - Task 435 started
INFO pp - Task 436 started
INFO pp - Task 437 started
INFO pp - Task 438 started
INFO pp - Task 439 started
INFO pp - Task 440 started
INFO pp - Task 441 started
INFO pp - Task 442 started
INFO pp - Task 443 started
INFO pp - Task 444 started
INFO pp - Task 445 started
INFO pp - Task 446 started
INFO pp - Task 447 started
INFO pp - Task 448 started
INFO pp - Task 449 started
INFO pp - Task 450 started
INFO pp - Task 451 started
INFO pp - Task 452 started
INFO pp - Task 453 started
INFO pp - Task 454 started
INFO pp - Task 455 started
INFO pp - Task 456 started
INFO pp - Task 457 started
INFO pp - Task 458 started
INFO pp - Task 459 started
INFO pp - Task 460 started
INFO pp - Task 461 started
INFO pp - Task 462 started
INFO pp - Task 463 started
INFO pp - Task 464 started
INFO pp - Task 465 started
INFO pp - Task 466 started
INFO pp - Task 467 started
INFO pp - Task 468 started
INFO pp - Task 469 started
INFO pp - Task 470 started
INFO pp - Task 471 started
INFO pp - Task 472 started
INFO pp - Task 473 started
INFO pp - Task 474 started
INFO pp - Task 475 started
INFO pp - Task 476 started
INFO pp - Task 477 started
INFO pp - Task 478 started
INFO pp - Task 479 started
INFO pp - Task 480 started
INFO pp - Task 481 started
INFO pp - Task 482 started
INFO pp - Task 483 started
INFO pp - Task 484 started
INFO pp - Task 485 started
INFO pp - Task 486 started
INFO pp - Task 487 started
INFO pp - Task 488 started
INFO pp - Task 489 started
INFO pp - Task 490 started
INFO pp - Task 491 started
INFO pp - Task 492 started
INFO pp - Task 493 started
INFO pp - Task 494 started
INFO pp - Task 495 started
INFO pp - Task 496 started
INFO pp - Task 497 started
INFO pp - Task 498 started
INFO pp - Task 499 started
INFO pp - Task 500 started
INFO pp - Task 501 started
INFO pp - Task 502 started
INFO pp - Task 503 started
INFO pp - Task 504 started
INFO pp - Task 505 started
INFO pp - Task 506 started
INFO pp - Task 507 started
INFO pp - Task 508 started
INFO pp - Task 509 started
INFO pp - Task 510 started
INFO pp - Task 511 started
INFO pp - Task 512 started
INFO pp - Task 513 started
INFO pp - Task 514 started
INFO pp - Task 515 started
INFO pp - Task 516 started
INFO pp - Task 517 started
INFO pp - Task 518 started
INFO pp - Task 519 started
INFO pp - Task 520 started
INFO pp - Task 521 started
INFO pp - Task 522 started
INFO pp - Task 523 started
INFO pp - Task 524 started
INFO pp - Task 525 started
INFO pp - Task 526 started
INFO pp - Task 527 started
INFO pp - Task 528 started
INFO pp - Task 529 started
INFO pp - Task 530 started
INFO pp - Task 531 started
INFO pp - Task 532 started
INFO pp - Task 533 started
INFO pp - Task 534 started
INFO pp - Task 535 started
INFO pp - Task 536 started
INFO pp - Task 537 started
INFO pp - Task 538 started
INFO pp - Task 539 started
INFO pp - Task 540 started
INFO pp - Task 541 started
INFO pp - Task 542 started
INFO pp - Task 543 started
INFO pp - Task 544 started
INFO pp - Task 545 started
INFO pp - Task 546 started
INFO pp - Task 547 started
INFO pp - Task 548 started
INFO pp - Task 549 started
INFO pp - Task 550 started
INFO pp - Task 551 started
INFO pp - Task 552 started
INFO pp - Task 553 started
INFO pp - Task 554 started
INFO pp - Task 555 started
INFO pp - Task 556 started
INFO pp - Task 557 started
INFO pp - Task 558 started
INFO pp - Task 559 started
INFO pp - Task 560 started
INFO pp - Task 561 started
INFO pp - Task 562 started
INFO pp - Task 563 started
INFO pp - Task 564 started
INFO pp - Task 565 started
INFO pp - Task 566 started
INFO pp - Task 567 started
INFO pp - Task 568 started
INFO pp - Task 569 started
INFO pp - Task 570 started
INFO pp - Task 571 started
INFO pp - Task 572 started
INFO pp - Task 573 started
INFO pp - Task 574 started
INFO pp - Task 575 started
INFO pp - Task 576 started
INFO pp - Task 577 started
INFO pp - Task 578 started
INFO pp - Task 579 started
INFO pp - Task 580 started
INFO pp - Task 581 started
INFO pp - Task 582 started
INFO pp - Task 583 started
INFO pp - Task 584 started
INFO pp - Task 585 started
INFO pp - Task 586 started
INFO pp - Task 587 started
INFO pp - Task 588 started
INFO pp - Task 589 started
INFO pp - Task 590 started
INFO pp - Task 591 started
INFO pp - Task 592 started
INFO pp - Task 593 started
INFO pp - Task 594 started
INFO pp - Task 595 started
INFO pp - Task 596 started
INFO pp - Task 597 started
INFO pp - Task 598 started
INFO pp - Task 599 started
INFO pp - Task 600 started
INFO pp - Task 601 started
INFO pp - Task 602 started
INFO pp - Task 603 started
INFO pp - Task 604 started
INFO pp - Task 605 started
INFO pp - Task 606 started
INFO pp - Task 607 started
INFO pp - Task 608 started
INFO pp - Task 609 started
INFO pp - Task 610 started
INFO pp - Task 611 started
INFO pp - Task 612 started
INFO pp - Task 613 started
INFO pp - Task 614 started
INFO pp - Task 615 started
INFO pp - Task 616 started
INFO pp - Task 617 started
INFO lomap.algorithms.optimal_run - Collected results for F->S
INFO lomap.algorithms.optimal_run - S-bottleneck
INFO pp - Task 618 started
INFO pp - Task 619 started
INFO lomap.algorithms.optimal_run - Served dataset 2 to ('127.0.0.1', 35222)
INFO lomap.algorithms.optimal_run - Served dataset 2 to ('127.0.0.1', 35224)
INFO lomap.algorithms.optimal_run - Collected results for S-bottleneck
INFO lomap.algorithms.optimal_run - Path*
INFO pp - Task 620 started
INFO pp - Task 621 started
INFO pp - Task 622 started
INFO pp - Task 623 started
INFO pp - Task 624 started
INFO pp - Task 625 started
INFO pp - Task 626 started
INFO pp - Task 627 started
INFO lomap.algorithms.optimal_run - Served dataset 3 to ('127.0.0.1', 35230)
INFO lomap.algorithms.optimal_run - Served dataset 3 to ('127.0.0.1', 35234)
INFO pp - Task 628 started
INFO pp - Task 629 started
INFO lomap.algorithms.optimal_run - Served dataset 3 to ('127.0.0.1', 35246)
INFO lomap.algorithms.optimal_run - Served dataset 3 to ('127.0.0.1', 35248)
INFO lomap.algorithms.optimal_run - Served dataset 3 to ('127.0.0.1', 35250)
INFO lomap.algorithms.optimal_run - Served dataset 3 to ('127.0.0.1', 35252)
INFO lomap.algorithms.optimal_run - Served dataset 3 to ('127.0.0.1', 35254)
INFO lomap.algorithms.optimal_run - Served dataset 3 to ('127.0.0.1', 35256)
INFO pp - Task 630 started
INFO pp - Task 631 started
INFO pp - Task 632 started
INFO pp - Task 633 started
INFO pp - Task 634 started
INFO pp - Task 635 started
INFO pp - Task 636 started
INFO pp - Task 637 started
INFO pp - Task 638 started
INFO pp - Task 639 started
INFO pp - Task 640 started
INFO pp - Task 641 started
INFO pp - Task 642 started
INFO pp - Task 643 started
INFO pp - Task 644 started
INFO pp - Task 645 started
INFO pp - Task 646 started
INFO pp - Task 647 started
INFO pp - Task 648 started
INFO pp - Task 649 started
INFO pp - Task 650 started
INFO pp - Task 651 started
INFO pp - Task 652 started
INFO pp - Task 653 started
INFO pp - Task 654 started
INFO pp - Task 655 started
INFO pp - Task 656 started
INFO pp - Task 657 started
INFO pp - Task 658 started
INFO pp - Task 659 started
INFO pp - Task 660 started
INFO pp - Task 661 started
INFO pp - Task 662 started
INFO pp - Task 663 started
INFO pp - Task 664 started
INFO pp - Task 665 started
INFO pp - Task 666 started
INFO pp - Task 667 started
INFO pp - Task 668 started
INFO pp - Task 669 started
INFO pp - Task 670 started
INFO pp - Task 671 started
INFO pp - Task 672 started
INFO pp - Task 673 started
INFO pp - Task 674 started
INFO pp - Task 675 started
INFO pp - Task 676 started
INFO pp - Task 677 started
INFO pp - Task 678 started
INFO pp - Task 679 started
INFO pp - Task 680 started
INFO pp - Task 681 started
INFO pp - Task 682 started
INFO pp - Task 683 started
INFO pp - Task 684 started
INFO pp - Task 685 started
INFO pp - Task 686 started
INFO pp - Task 687 started
INFO pp - Task 688 started
INFO pp - Task 689 started
INFO pp - Task 690 started
INFO pp - Task 691 started
INFO pp - Task 692 started
INFO pp - Task 693 started
INFO pp - Task 694 started
INFO pp - Task 695 started
INFO pp - Task 696 started
INFO pp - Task 697 started
INFO pp - Task 698 started
INFO pp - Task 699 started
INFO pp - Task 700 started
INFO pp - Task 701 started
INFO pp - Task 702 started
INFO pp - Task 703 started
INFO pp - Task 704 started
INFO pp - Task 705 started
INFO pp - Task 706 started
INFO pp - Task 707 started
INFO pp - Task 708 started
INFO pp - Task 709 started
INFO pp - Task 710 started
INFO pp - Task 711 started
INFO pp - Task 712 started
INFO pp - Task 713 started
INFO pp - Task 714 started
INFO pp - Task 715 started
INFO pp - Task 716 started
INFO pp - Task 717 started
INFO pp - Task 718 started
INFO pp - Task 719 started
INFO pp - Task 720 started
INFO pp - Task 721 started
INFO pp - Task 722 started
INFO pp - Task 723 started
INFO pp - Task 724 started
INFO pp - Task 725 started
INFO pp - Task 726 started
INFO pp - Task 727 started
INFO pp - Task 728 started
INFO pp - Task 729 started
INFO pp - Task 730 started
INFO pp - Task 731 started
INFO pp - Task 732 started
INFO pp - Task 733 started
INFO pp - Task 734 started
INFO pp - Task 735 started
INFO pp - Task 736 started
INFO pp - Task 737 started
INFO pp - Task 738 started
INFO pp - Task 739 started
INFO pp - Task 740 started
INFO pp - Task 741 started
INFO pp - Task 742 started
INFO pp - Task 743 started
INFO pp - Task 744 started
INFO pp - Task 745 started
INFO pp - Task 746 started
INFO pp - Task 747 started
INFO pp - Task 748 started
INFO pp - Task 749 started
INFO pp - Task 750 started
INFO pp - Task 751 started
INFO pp - Task 752 started
INFO pp - Task 753 started
INFO pp - Task 754 started
INFO pp - Task 755 started
INFO pp - Task 756 started
INFO pp - Task 757 started
INFO pp - Task 758 started
INFO pp - Task 759 started
INFO pp - Task 760 started
INFO pp - Task 761 started
INFO pp - Task 762 started
INFO pp - Task 763 started
INFO pp - Task 764 started
INFO pp - Task 765 started
INFO pp - Task 766 started
INFO pp - Task 767 started
INFO pp - Task 768 started
INFO pp - Task 769 started
INFO pp - Task 770 started
INFO pp - Task 771 started
INFO pp - Task 772 started
INFO pp - Task 773 started
INFO pp - Task 774 started
INFO pp - Task 775 started
INFO pp - Task 776 started
INFO pp - Task 777 started
INFO pp - Task 778 started
INFO pp - Task 779 started
INFO pp - Task 780 started
INFO pp - Task 781 started
INFO pp - Task 782 started
INFO pp - Task 783 started
INFO pp - Task 784 started
INFO pp - Task 785 started
INFO pp - Task 786 started
INFO pp - Task 787 started
INFO pp - Task 788 started
INFO pp - Task 789 started
INFO pp - Task 790 started
INFO pp - Task 791 started
INFO pp - Task 792 started
INFO pp - Task 793 started
INFO pp - Task 794 started
INFO pp - Task 795 started
INFO pp - Task 796 started
INFO pp - Task 797 started
INFO pp - Task 798 started
INFO pp - Task 799 started
INFO pp - Task 800 started
INFO pp - Task 801 started
INFO pp - Task 802 started
INFO pp - Task 803 started
INFO pp - Task 804 started
INFO pp - Task 805 started
INFO pp - Task 806 started
INFO pp - Task 807 started
INFO pp - Task 808 started
INFO pp - Task 809 started
INFO pp - Task 810 started
INFO pp - Task 811 started
INFO pp - Task 812 started
INFO pp - Task 813 started
INFO pp - Task 814 started
INFO pp - Task 815 started
INFO pp - Task 816 started
INFO pp - Task 817 started
INFO pp - Task 818 started
INFO pp - Task 819 started
INFO pp - Task 820 started
INFO pp - Task 821 started
INFO pp - Task 822 started
INFO pp - Task 823 started
INFO pp - Task 824 started
INFO pp - Task 825 started
INFO pp - Task 826 started
INFO pp - Task 827 started
INFO pp - Task 828 started
INFO pp - Task 829 started
INFO pp - Task 830 started
INFO pp - Task 831 started
INFO pp - Task 832 started
INFO pp - Task 833 started
INFO pp - Task 834 started
INFO pp - Task 835 started
INFO pp - Task 836 started
INFO pp - Task 837 started
INFO pp - Task 838 started
INFO pp - Task 839 started
INFO pp - Task 840 started
INFO pp - Task 841 started
INFO pp - Task 842 started
INFO pp - Task 843 started
INFO pp - Task 844 started
INFO pp - Task 845 started
INFO pp - Task 846 started
INFO pp - Task 847 started
INFO pp - Task 848 started
INFO pp - Task 849 started
INFO pp - Task 850 started
INFO pp - Task 851 started
INFO pp - Task 852 started
INFO pp - Task 853 started
INFO pp - Task 854 started
INFO pp - Task 855 started
INFO pp - Task 856 started
INFO pp - Task 857 started
INFO pp - Task 858 started
INFO pp - Task 859 started
INFO pp - Task 860 started
INFO pp - Task 861 started
INFO pp - Task 862 started
INFO pp - Task 863 started
INFO pp - Task 864 started
INFO pp - Task 865 started
INFO pp - Task 866 started
INFO pp - Task 867 started
INFO pp - Task 868 started
INFO pp - Task 870 started
INFO pp - Task 869 started
INFO pp - Task 871 started
INFO pp - Task 872 started
INFO pp - Task 873 started
INFO pp - Task 874 started
INFO pp - Task 875 started
INFO pp - Task 876 started
INFO pp - Task 877 started
INFO pp - Task 878 started
INFO pp - Task 879 started
INFO pp - Task 880 started
INFO pp - Task 881 started
INFO pp - Task 882 started
INFO pp - Task 883 started
INFO pp - Task 884 started
INFO pp - Task 885 started
INFO pp - Task 886 started
INFO pp - Task 887 started
INFO pp - Task 888 started
INFO pp - Task 889 started
INFO pp - Task 890 started
INFO pp - Task 891 started
INFO pp - Task 892 started
INFO pp - Task 893 started
INFO pp - Task 894 started
INFO pp - Task 895 started
INFO pp - Task 896 started
INFO pp - Task 897 started
INFO pp - Task 898 started
INFO pp - Task 899 started
INFO pp - Task 900 started
INFO pp - Task 901 started
INFO pp - Task 902 started
INFO pp - Task 903 started
INFO pp - Task 904 started
INFO pp - Task 905 started
INFO pp - Task 906 started
INFO pp - Task 907 started
INFO pp - Task 908 started
INFO pp - Task 909 started
INFO pp - Task 910 started
INFO pp - Task 911 started
INFO pp - Task 912 started
INFO pp - Task 913 started
INFO pp - Task 914 started
INFO pp - Task 915 started
INFO pp - Task 916 started
INFO pp - Task 917 started
INFO pp - Task 918 started
INFO pp - Task 919 started
INFO pp - Task 920 started
INFO pp - Task 921 started
INFO pp - Task 922 started
INFO pp - Task 923 started
INFO pp - Task 924 started
INFO pp - Task 925 started
INFO pp - Task 926 started
INFO pp - Task 927 started
INFO pp - Task 928 started
INFO pp - Task 929 started
INFO pp - Task 930 started
INFO pp - Task 931 started
INFO pp - Task 932 started
INFO pp - Task 933 started
INFO pp - Task 934 started
INFO pp - Task 935 started
INFO pp - Task 936 started
INFO pp - Task 937 started
INFO pp - Task 938 started
INFO pp - Task 939 started
INFO pp - Task 940 started
INFO pp - Task 941 started
INFO pp - Task 942 started
INFO pp - Task 943 started
INFO pp - Task 944 started
INFO pp - Task 945 started
INFO pp - Task 946 started
INFO pp - Task 947 started
INFO pp - Task 948 started
INFO pp - Task 949 started
INFO pp - Task 950 started
INFO pp - Task 951 started
INFO pp - Task 952 started
INFO pp - Task 953 started
INFO pp - Task 954 started
INFO pp - Task 955 started
INFO pp - Task 956 started
INFO pp - Task 957 started
INFO pp - Task 958 started
INFO pp - Task 959 started
INFO pp - Task 960 started
INFO pp - Task 961 started
INFO pp - Task 962 started
INFO pp - Task 963 started
INFO pp - Task 964 started
INFO pp - Task 965 started
INFO pp - Task 966 started
INFO pp - Task 967 started
INFO pp - Task 968 started
INFO pp - Task 969 started
INFO pp - Task 970 started
INFO pp - Task 971 started
INFO pp - Task 972 started
INFO pp - Task 973 started
INFO pp - Task 974 started
INFO pp - Task 975 started
INFO pp - Task 976 started
INFO pp - Task 977 started
INFO pp - Task 978 started
INFO pp - Task 979 started
INFO pp - Task 980 started
INFO pp - Task 981 started
INFO pp - Task 982 started
INFO pp - Task 983 started
INFO pp - Task 984 started
INFO pp - Task 985 started
INFO pp - Task 986 started
INFO pp - Task 987 started
INFO pp - Task 988 started
INFO pp - Task 989 started
INFO pp - Task 990 started
INFO pp - Task 991 started
INFO pp - Task 992 started
INFO pp - Task 993 started
INFO pp - Task 994 started
INFO pp - Task 995 started
INFO pp - Task 996 started
INFO pp - Task 997 started
INFO pp - Task 998 started
INFO pp - Task 999 started
INFO pp - Task 1001 started
INFO pp - Task 1000 started
INFO pp - Task 1002 started
INFO pp - Task 1003 started
INFO pp - Task 1004 started
INFO pp - Task 1005 started
INFO pp - Task 1006 started
INFO pp - Task 1007 started
INFO pp - Task 1008 started
INFO pp - Task 1009 started
INFO pp - Task 1010 started
INFO pp - Task 1011 started
INFO pp - Task 1012 started
INFO pp - Task 1013 started
INFO pp - Task 1014 started
INFO pp - Task 1015 started
INFO pp - Task 1016 started
INFO pp - Task 1017 started
INFO pp - Task 1018 started
INFO pp - Task 1020 started
INFO pp - Task 1019 started
INFO pp - Task 1021 started
INFO pp - Task 1022 started
INFO pp - Task 1023 started
INFO pp - Task 1024 started
INFO pp - Task 1025 started
INFO pp - Task 1026 started
INFO pp - Task 1027 started
INFO pp - Task 1028 started
INFO pp - Task 1029 started
INFO pp - Task 1030 started
INFO pp - Task 1031 started
INFO pp - Task 1032 started
INFO pp - Task 1033 started
INFO pp - Task 1034 started
INFO pp - Task 1035 started
INFO pp - Task 1036 started
INFO pp - Task 1037 started
INFO pp - Task 1038 started
INFO pp - Task 1039 started
INFO pp - Task 1040 started
INFO pp - Task 1041 started
INFO pp - Task 1042 started
INFO pp - Task 1043 started
INFO pp - Task 1044 started
INFO pp - Task 1045 started
INFO pp - Task 1046 started
INFO pp - Task 1047 started
INFO pp - Task 1048 started
INFO pp - Task 1049 started
INFO pp - Task 1050 started
INFO pp - Task 1051 started
INFO pp - Task 1052 started
INFO pp - Task 1053 started
INFO pp - Task 1054 started
INFO pp - Task 1055 started
INFO pp - Task 1056 started
INFO pp - Task 1057 started
INFO pp - Task 1058 started
INFO pp - Task 1059 started
INFO pp - Task 1060 started
INFO pp - Task 1061 started
INFO pp - Task 1062 started
INFO pp - Task 1063 started
INFO pp - Task 1064 started
INFO pp - Task 1065 started
INFO pp - Task 1066 started
INFO pp - Task 1067 started
INFO pp - Task 1068 started
INFO pp - Task 1069 started
INFO pp - Task 1070 started
INFO pp - Task 1071 started
INFO pp - Task 1072 started
INFO pp - Task 1073 started
INFO pp - Task 1074 started
INFO pp - Task 1075 started
INFO pp - Task 1076 started
INFO pp - Task 1077 started
INFO pp - Task 1078 started
INFO pp - Task 1079 started
INFO pp - Task 1080 started
INFO pp - Task 1081 started
INFO pp - Task 1082 started
INFO pp - Task 1083 started
INFO pp - Task 1084 started
INFO pp - Task 1085 started
INFO pp - Task 1086 started
INFO pp - Task 1087 started
INFO pp - Task 1088 started
INFO pp - Task 1089 started
INFO pp - Task 1090 started
INFO pp - Task 1091 started
INFO pp - Task 1092 started
INFO pp - Task 1093 started
INFO pp - Task 1094 started
INFO pp - Task 1095 started
INFO pp - Task 1096 started
INFO pp - Task 1097 started
INFO pp - Task 1098 started
INFO pp - Task 1099 started
INFO pp - Task 1100 started
INFO pp - Task 1101 started
INFO pp - Task 1102 started
INFO pp - Task 1103 started
INFO pp - Task 1104 started
INFO pp - Task 1105 started
INFO pp - Task 1106 started
INFO pp - Task 1107 started
INFO pp - Task 1108 started
INFO pp - Task 1109 started
INFO pp - Task 1110 started
INFO pp - Task 1111 started
INFO pp - Task 1112 started
INFO pp - Task 1113 started
INFO pp - Task 1114 started
INFO pp - Task 1115 started
INFO pp - Task 1116 started
INFO pp - Task 1117 started
INFO pp - Task 1118 started
INFO pp - Task 1119 started
INFO pp - Task 1120 started
INFO pp - Task 1121 started
INFO pp - Task 1122 started
INFO pp - Task 1123 started
INFO pp - Task 1124 started
INFO pp - Task 1125 started
INFO pp - Task 1126 started
INFO pp - Task 1127 started
INFO pp - Task 1128 started
INFO pp - Task 1129 started
INFO pp - Task 1130 started
INFO pp - Task 1131 started
INFO pp - Task 1132 started
INFO pp - Task 1133 started
INFO pp - Task 1134 started
INFO pp - Task 1135 started
INFO pp - Task 1136 started
INFO pp - Task 1137 started
INFO pp - Task 1138 started
INFO pp - Task 1139 started
INFO pp - Task 1140 started
INFO pp - Task 1141 started
INFO pp - Task 1142 started
INFO pp - Task 1143 started
INFO pp - Task 1144 started
INFO pp - Task 1145 started
INFO pp - Task 1146 started
INFO pp - Task 1147 started
INFO pp - Task 1148 started
INFO pp - Task 1149 started
INFO pp - Task 1150 started
INFO pp - Task 1151 started
INFO pp - Task 1152 started
INFO pp - Task 1153 started
INFO pp - Task 1154 started
INFO pp - Task 1155 started
INFO pp - Task 1156 started
INFO pp - Task 1157 started
INFO pp - Task 1158 started
INFO pp - Task 1159 started
INFO pp - Task 1160 started
INFO pp - Task 1161 started
INFO pp - Task 1162 started
INFO pp - Task 1163 started
INFO pp - Task 1165 started
INFO pp - Task 1164 started
INFO pp - Task 1166 started
INFO pp - Task 1167 started
INFO pp - Task 1168 started
INFO pp - Task 1169 started
INFO pp - Task 1170 started
INFO pp - Task 1171 started
INFO pp - Task 1172 started
INFO pp - Task 1173 started
INFO pp - Task 1174 started
INFO pp - Task 1175 started
INFO pp - Task 1176 started
INFO pp - Task 1177 started
INFO pp - Task 1178 started
INFO pp - Task 1179 started
INFO pp - Task 1180 started
INFO pp - Task 1181 started
INFO pp - Task 1182 started
INFO pp - Task 1183 started
INFO pp - Task 1184 started
INFO pp - Task 1185 started
INFO pp - Task 1186 started
INFO pp - Task 1187 started
INFO pp - Task 1188 started
INFO pp - Task 1189 started
INFO pp - Task 1190 started
INFO pp - Task 1191 started
INFO pp - Task 1192 started
INFO pp - Task 1193 started
INFO pp - Task 1194 started
INFO pp - Task 1195 started
INFO pp - Task 1196 started
INFO pp - Task 1197 started
INFO pp - Task 1198 started
INFO pp - Task 1199 started
INFO pp - Task 1200 started
INFO pp - Task 1201 started
INFO pp - Task 1202 started
INFO pp - Task 1203 started
INFO pp - Task 1204 started
INFO pp - Task 1205 started
INFO pp - Task 1206 started
INFO pp - Task 1207 started
INFO pp - Task 1208 started
INFO pp - Task 1209 started
INFO pp - Task 1210 started
INFO pp - Task 1211 started
INFO pp - Task 1212 started
INFO pp - Task 1213 started
INFO pp - Task 1214 started
INFO pp - Task 1215 started
INFO pp - Task 1216 started
INFO pp - Task 1217 started
INFO pp - Task 1218 started
INFO pp - Task 1219 started
INFO pp - Task 1220 started
INFO pp - Task 1221 started
INFO pp - Task 1222 started
INFO pp - Task 1223 started
INFO pp - Task 1224 started
INFO pp - Task 1225 started
INFO pp - Task 1226 started
INFO pp - Task 1227 started
INFO pp - Task 1228 started
INFO pp - Task 1229 started
INFO pp - Task 1230 started
INFO pp - Task 1231 started
INFO pp - Task 1232 started
INFO pp - Task 1233 started
INFO pp - Task 1234 started
INFO pp - Task 1235 started
INFO lomap.algorithms.optimal_run - Collected results for Path*
INFO lomap.algorithms.optimal_run - Cost*: 24, Len*: 24, Cycle*: ((('u1', 'u2'), 'accept_S1'), (('g4', 'g2'), 'T1_S7'), (('g4', 'g2'), 'T1_S7'))
INFO lomap.algorithms.optimal_run - Extracting Path*
INFO lomap.algorithms.multi_agent_optimal_run - Robot-1             Robot-2             
INFO lomap.algorithms.multi_agent_optimal_run - -------             -------             
INFO lomap.algorithms.multi_agent_optimal_run - *** Prefix: ***
INFO lomap.algorithms.multi_agent_optimal_run - u1                  u2                  
INFO lomap.algorithms.multi_agent_optimal_run - 4                   10                  
INFO lomap.algorithms.multi_agent_optimal_run - *** Suffix: ***
INFO lomap.algorithms.multi_agent_optimal_run - 4                   10                  
INFO lomap.algorithms.multi_agent_optimal_run - 5                   11                  
INFO lomap.algorithms.multi_agent_optimal_run - 27                  23                  
INFO lomap.algorithms.multi_agent_optimal_run - 28                  24                  
INFO lomap.algorithms.multi_agent_optimal_run - g4                  g2                  
INFO lomap.algorithms.multi_agent_optimal_run - 28                  24                  
INFO lomap.algorithms.multi_agent_optimal_run - 21                  25                  
INFO lomap.algorithms.multi_agent_optimal_run - 12                  6                   
INFO lomap.algorithms.multi_agent_optimal_run - 1                   7                   
INFO lomap.algorithms.multi_agent_optimal_run - 2                   8                   
INFO lomap.algorithms.multi_agent_optimal_run - 3                   9                   
INFO lomap.algorithms.multi_agent_optimal_run - 4                   10                  
INFO lomap.algorithms.multi_agent_optimal_run - u1                  u2                  
INFO lomap.algorithms.multi_agent_optimal_run - 4                   10                  
INFO __main__ - Cost: 24
INFO __main__ - Prefix length: 2
INFO __main__ - robot_1 run prefix: ['u1', '4']
INFO __main__ - robot_1 control perfix: ['ufl']
INFO __main__ - robot_1 suffix cycle: ['4', '5', '27', '28', 'g4', '28', '21', '12', '1', '2', '3', '4', 'u1', '4']
INFO __main__ - robot_1 control suffix cycle: ['rf', 'rfr', 'lf', 'lf', 'ufl', 'f', 'fr', 'f', 'rf', 'f', 'f', 'f', 'ufl']
INFO __main__ - robot_2 run prefix: ['u2', '10']
INFO __main__ - robot_2 control perfix: ['ufl']
INFO __main__ - robot_2 suffix cycle: ['10', '11', '23', '24', 'g2', '24', '25', '6', '7', '8', '9', '10', 'u2', '10']
INFO __main__ - robot_2 control suffix cycle: ['rf', 'rfr', 'lf', 'lf', 'ufl', 'f', 'f', 'f', 'rf', 'f', 'f', 'f', 'ufl']
INFO lomap.classes.timer - IJRR 2013 Case-Study 4 took 16665.505 ms.
INFO __main__ - <><><> <><><> <><><>
